Started GET "/" for 127.0.0.1 at 2018-02-19 14:16:18 +0530
Processing by Rails::WelcomeController#index as HTML
  Rendering /Users/amitpand/.rvm/gems/ruby-2.4.0@recruiting_exercise/gems/railties-5.1.4/lib/rails/templates/rails/welcome/index.html.erb
  Rendered /Users/amitpand/.rvm/gems/ruby-2.4.0@recruiting_exercise/gems/railties-5.1.4/lib/rails/templates/rails/welcome/index.html.erb (5.7ms)
Completed 200 OK in 425ms (Views: 18.5ms)


Started GET "/" for 127.0.0.1 at 2018-02-19 14:19:48 +0530
Processing by HomeController#index as HTML
Completed 406 Not Acceptable in 407ms


  
ActionController::UnknownFormat (HomeController#index is missing a template for this request format and variant.

request.formats: ["text/html"]
request.variant: []

NOTE! For XHR/Ajax or API requests, this action would normally respond with 204 No Content: an empty white screen. Since you're loading it in a web browser, we assume that you expected to actually render a template, not nothing, so we're showing an error to be extra-clear. If you expect 204 No Content, carry on. That's what you'll get from an XHR or API request. Give it a shot.):
  
actionpack (5.1.4) lib/action_controller/metal/implicit_render.rb:53:in `default_render'
actionpack (5.1.4) lib/action_controller/metal/basic_implicit_render.rb:4:in `block in send_action'
actionpack (5.1.4) lib/action_controller/metal/basic_implicit_render.rb:4:in `tap'
actionpack (5.1.4) lib/action_controller/metal/basic_implicit_render.rb:4:in `send_action'
actionpack (5.1.4) lib/abstract_controller/base.rb:186:in `process_action'
actionpack (5.1.4) lib/action_controller/metal/rendering.rb:30:in `process_action'
actionpack (5.1.4) lib/abstract_controller/callbacks.rb:20:in `block in process_action'
activesupport (5.1.4) lib/active_support/callbacks.rb:131:in `run_callbacks'
actionpack (5.1.4) lib/abstract_controller/callbacks.rb:19:in `process_action'
actionpack (5.1.4) lib/action_controller/metal/rescue.rb:20:in `process_action'
actionpack (5.1.4) lib/action_controller/metal/instrumentation.rb:32:in `block in process_action'
activesupport (5.1.4) lib/active_support/notifications.rb:166:in `block in instrument'
activesupport (5.1.4) lib/active_support/notifications/instrumenter.rb:21:in `instrument'
activesupport (5.1.4) lib/active_support/notifications.rb:166:in `instrument'
actionpack (5.1.4) lib/action_controller/metal/instrumentation.rb:30:in `process_action'
actionpack (5.1.4) lib/action_controller/metal/params_wrapper.rb:252:in `process_action'
activerecord (5.1.4) lib/active_record/railties/controller_runtime.rb:22:in `process_action'
actionpack (5.1.4) lib/abstract_controller/base.rb:124:in `process'
actionview (5.1.4) lib/action_view/rendering.rb:30:in `process'
actionpack (5.1.4) lib/action_controller/metal.rb:189:in `dispatch'
actionpack (5.1.4) lib/action_controller/metal.rb:253:in `dispatch'
actionpack (5.1.4) lib/action_dispatch/routing/route_set.rb:49:in `dispatch'
actionpack (5.1.4) lib/action_dispatch/routing/route_set.rb:31:in `serve'
actionpack (5.1.4) lib/action_dispatch/journey/router.rb:50:in `block in serve'
actionpack (5.1.4) lib/action_dispatch/journey/router.rb:33:in `each'
actionpack (5.1.4) lib/action_dispatch/journey/router.rb:33:in `serve'
actionpack (5.1.4) lib/action_dispatch/routing/route_set.rb:834:in `call'
rack (2.0.3) lib/rack/etag.rb:25:in `call'
rack (2.0.3) lib/rack/conditional_get.rb:25:in `call'
rack (2.0.3) lib/rack/head.rb:12:in `call'
rack (2.0.3) lib/rack/session/abstract/id.rb:232:in `context'
rack (2.0.3) lib/rack/session/abstract/id.rb:226:in `call'
actionpack (5.1.4) lib/action_dispatch/middleware/cookies.rb:613:in `call'
activerecord (5.1.4) lib/active_record/migration.rb:556:in `call'
actionpack (5.1.4) lib/action_dispatch/middleware/callbacks.rb:26:in `block in call'
activesupport (5.1.4) lib/active_support/callbacks.rb:97:in `run_callbacks'
actionpack (5.1.4) lib/action_dispatch/middleware/callbacks.rb:24:in `call'
actionpack (5.1.4) lib/action_dispatch/middleware/executor.rb:12:in `call'
actionpack (5.1.4) lib/action_dispatch/middleware/debug_exceptions.rb:59:in `call'
web-console (3.5.1) lib/web_console/middleware.rb:135:in `call_app'
web-console (3.5.1) lib/web_console/middleware.rb:28:in `block in call'
web-console (3.5.1) lib/web_console/middleware.rb:18:in `catch'
web-console (3.5.1) lib/web_console/middleware.rb:18:in `call'
actionpack (5.1.4) lib/action_dispatch/middleware/show_exceptions.rb:31:in `call'
railties (5.1.4) lib/rails/rack/logger.rb:36:in `call_app'
railties (5.1.4) lib/rails/rack/logger.rb:24:in `block in call'
activesupport (5.1.4) lib/active_support/tagged_logging.rb:69:in `block in tagged'
activesupport (5.1.4) lib/active_support/tagged_logging.rb:26:in `tagged'
activesupport (5.1.4) lib/active_support/tagged_logging.rb:69:in `tagged'
railties (5.1.4) lib/rails/rack/logger.rb:24:in `call'
sprockets-rails (3.2.1) lib/sprockets/rails/quiet_assets.rb:13:in `call'
actionpack (5.1.4) lib/action_dispatch/middleware/remote_ip.rb:79:in `call'
actionpack (5.1.4) lib/action_dispatch/middleware/request_id.rb:25:in `call'
rack (2.0.3) lib/rack/method_override.rb:22:in `call'
rack (2.0.3) lib/rack/runtime.rb:22:in `call'
activesupport (5.1.4) lib/active_support/cache/strategy/local_cache_middleware.rb:27:in `call'
actionpack (5.1.4) lib/action_dispatch/middleware/executor.rb:12:in `call'
actionpack (5.1.4) lib/action_dispatch/middleware/static.rb:125:in `call'
rack (2.0.3) lib/rack/sendfile.rb:111:in `call'
railties (5.1.4) lib/rails/engine.rb:522:in `call'
puma (3.10.0) lib/puma/configuration.rb:225:in `call'
puma (3.10.0) lib/puma/server.rb:605:in `handle_request'
puma (3.10.0) lib/puma/server.rb:437:in `process_client'
puma (3.10.0) lib/puma/server.rb:301:in `block in run'
puma (3.10.0) lib/puma/thread_pool.rb:120:in `block in spawn_thread'
Started GET "/" for 127.0.0.1 at 2018-02-19 14:25:07 +0530
Processing by HomeController#index as HTML
  Rendering home/index.html.erb within layouts/application
  Rendered home/index.html.erb within layouts/application (0.6ms)
Completed 500 Internal Server Error in 428ms


  
ActionView::Template::Error (dyld: Library not loaded: /usr/local/opt/icu4c/lib/libicui18n.59.dylib
  Referenced from: /usr/local/bin/node
  Reason: Incompatible library version: node requires version 59.0.0 or later, but libicui18n.59.dylib provides version 58.0.0
):
     8: 
     9:     <%= csrf_meta_tags %>
    10: 
    11:     <%= stylesheet_link_tag    'application', media: 'all', 'data-turbolinks-track': 'reload' %>
    12:     <%= javascript_include_tag 'application', 'data-turbolinks-track': 'reload' %>
    13:   </head>
    14: 
  
(execjs):1
app/views/layouts/application.html.erb:11:in `_app_views_layouts_application_html_erb__4504208485526876955_70234978020220'
Started GET "/" for 127.0.0.1 at 2018-02-19 14:40:26 +0530
Processing by HomeController#index as HTML
  Rendering home/index.html.erb within layouts/application
  Rendered home/index.html.erb within layouts/application (0.5ms)
  Rendered shared/_header.html.erb (0.3ms)
  Rendered shared/_footer.html.erb (0.3ms)
Completed 200 OK in 947ms (Views: 856.6ms)


Started GET "/" for 127.0.0.1 at 2018-02-19 14:41:10 +0530
Processing by HomeController#index as HTML
  Rendering home/index.html.erb within layouts/application
  Rendered home/index.html.erb within layouts/application (0.4ms)
  Rendered shared/_header.html.erb (0.3ms)
  Rendered shared/_footer.html.erb (0.7ms)
Completed 200 OK in 38ms (Views: 36.8ms)


Started GET "/" for 127.0.0.1 at 2018-02-19 14:44:27 +0530
Processing by HomeController#index as HTML
  Rendering home/index.html.erb within layouts/application
  Rendered home/index.html.erb within layouts/application (0.3ms)
  Rendered shared/_header.html.erb (0.3ms)
  Rendered shared/_footer.html.erb (0.3ms)
Completed 200 OK in 27ms (Views: 25.7ms)


Started GET "/" for 127.0.0.1 at 2018-02-19 14:45:45 +0530
Processing by HomeController#index as HTML
  Rendering home/index.html.erb within layouts/application
  Rendered home/index.html.erb within layouts/application (0.3ms)
  Rendered shared/_header.html.erb (0.2ms)
  Rendered shared/_footer.html.erb (0.2ms)
Completed 200 OK in 13ms (Views: 12.0ms)


Started GET "/" for 127.0.0.1 at 2018-02-19 14:46:20 +0530
Processing by HomeController#index as HTML
  Rendering home/index.html.erb within layouts/application
  Rendered home/index.html.erb within layouts/application (0.3ms)
  Rendered shared/_header.html.erb (0.3ms)
  Rendered shared/_footer.html.erb (0.2ms)
Completed 200 OK in 20ms (Views: 18.8ms)


Started GET "/" for 127.0.0.1 at 2018-02-19 14:48:32 +0530
Processing by HomeController#index as HTML
  Rendering home/index.html.erb within layouts/application
  Rendered home/index.html.erb within layouts/application (0.3ms)
  Rendered shared/_header.html.erb (0.5ms)
  Rendered shared/_footer.html.erb (0.2ms)
Completed 200 OK in 29ms (Views: 27.7ms)


Started GET "/" for 127.0.0.1 at 2018-02-19 14:49:48 +0530
Processing by HomeController#index as HTML
  Rendering home/index.html.erb within layouts/application
  Rendered home/index.html.erb within layouts/application (0.2ms)
  Rendered shared/_header.html.erb (0.2ms)
  Rendered shared/_footer.html.erb (0.2ms)
Completed 200 OK in 12ms (Views: 11.6ms)


Started GET "/" for 127.0.0.1 at 2018-02-19 14:49:54 +0530
Processing by HomeController#index as HTML
  Rendering home/index.html.erb within layouts/application
  Rendered home/index.html.erb within layouts/application (0.3ms)
  Rendered shared/_header.html.erb (0.3ms)
  Rendered shared/_footer.html.erb (0.1ms)
Completed 200 OK in 14ms (Views: 13.2ms)


Started GET "/" for 127.0.0.1 at 2018-02-19 14:49:55 +0530
Processing by HomeController#index as HTML
  Rendering home/index.html.erb within layouts/application
  Rendered home/index.html.erb within layouts/application (0.3ms)
  Rendered shared/_header.html.erb (0.2ms)
  Rendered shared/_footer.html.erb (0.2ms)
Completed 200 OK in 13ms (Views: 12.3ms)


Started GET "/" for 127.0.0.1 at 2018-02-19 14:50:42 +0530
Processing by HomeController#index as HTML
  Rendering home/index.html.erb within layouts/application
  Rendered home/index.html.erb within layouts/application (0.2ms)
  Rendered shared/_header.html.erb (0.3ms)
  Rendered shared/_footer.html.erb (0.1ms)
Completed 200 OK in 12ms (Views: 11.2ms)


Started GET "/" for 127.0.0.1 at 2018-02-19 14:50:45 +0530
Processing by HomeController#index as HTML
  Rendering home/index.html.erb within layouts/application
  Rendered home/index.html.erb within layouts/application (0.3ms)
  Rendered shared/_header.html.erb (0.4ms)
  Rendered shared/_footer.html.erb (0.2ms)
Completed 200 OK in 16ms (Views: 15.1ms)


Started GET "/" for 127.0.0.1 at 2018-02-19 14:51:10 +0530
Processing by HomeController#index as HTML
  Rendering home/index.html.erb within layouts/application
  Rendered home/index.html.erb within layouts/application (0.3ms)
  Rendered shared/_header.html.erb (0.3ms)
  Rendered shared/_footer.html.erb (0.1ms)
Completed 200 OK in 12ms (Views: 11.4ms)


Started GET "/" for 127.0.0.1 at 2018-02-19 14:51:13 +0530
Processing by HomeController#index as HTML
  Rendering home/index.html.erb within layouts/application
  Rendered home/index.html.erb within layouts/application (0.3ms)
  Rendered shared/_header.html.erb (0.2ms)
  Rendered shared/_footer.html.erb (0.2ms)
Completed 200 OK in 13ms (Views: 12.2ms)


Started GET "/" for 127.0.0.1 at 2018-02-19 14:51:15 +0530
Processing by HomeController#index as HTML
  Rendering home/index.html.erb within layouts/application
  Rendered home/index.html.erb within layouts/application (0.3ms)
  Rendered shared/_header.html.erb (0.2ms)
  Rendered shared/_footer.html.erb (0.2ms)
Completed 200 OK in 18ms (Views: 17.2ms)


Started GET "/" for 127.0.0.1 at 2018-02-19 14:51:51 +0530
Processing by HomeController#index as HTML
  Rendering home/index.html.erb within layouts/application
  Rendered home/index.html.erb within layouts/application (0.4ms)
  Rendered shared/_header.html.erb (0.3ms)
  Rendered shared/_footer.html.erb (0.2ms)
Completed 200 OK in 17ms (Views: 15.7ms)


Started GET "/" for 127.0.0.1 at 2018-02-19 14:51:53 +0530
Processing by HomeController#index as HTML
  Rendering home/index.html.erb within layouts/application
  Rendered home/index.html.erb within layouts/application (0.3ms)
  Rendered shared/_header.html.erb (0.2ms)
  Rendered shared/_footer.html.erb (0.2ms)
Completed 200 OK in 19ms (Views: 17.9ms)


Started GET "/" for 127.0.0.1 at 2018-02-19 14:51:54 +0530
Processing by HomeController#index as HTML
  Rendering home/index.html.erb within layouts/application
  Rendered home/index.html.erb within layouts/application (0.4ms)
  Rendered shared/_header.html.erb (0.3ms)
  Rendered shared/_footer.html.erb (0.2ms)
Completed 200 OK in 18ms (Views: 17.3ms)


Started GET "/" for 127.0.0.1 at 2018-02-19 14:53:18 +0530
Processing by HomeController#index as HTML
  Rendering home/index.html.erb within layouts/application
  Rendered home/index.html.erb within layouts/application (0.3ms)
  Rendered shared/_header.html.erb (0.3ms)
  Rendered shared/_footer.html.erb (0.1ms)
Completed 200 OK in 12ms (Views: 11.2ms)


Started GET "/" for 127.0.0.1 at 2018-02-19 15:04:46 +0530
Processing by HomeController#index as HTML
  Rendering home/index.html.erb within layouts/application
  Rendered home/index.html.erb within layouts/application (0.5ms)
Completed 500 Internal Server Error in 2ms


  
SyntaxError (/home/pandey/MyWorkspace/Itech/recruiting-exercise/app/views/home/index.html.erb:12: syntax error, unexpected keyword_end, expecting ')'
'.freeze;   end 
               ^
/home/pandey/MyWorkspace/Itech/recruiting-exercise/app/views/home/index.html.erb:15: syntax error, unexpected keyword_ensure, expecting ')'
          ensure
                ^
/home/pandey/MyWorkspace/Itech/recruiting-exercise/app/views/home/index.html.erb:17: syntax error, unexpected keyword_end, expecting ')'
          end
             ^):
  
app/views/home/index.html.erb:12: syntax error, unexpected keyword_end, expecting ')'
app/views/home/index.html.erb:15: syntax error, unexpected keyword_ensure, expecting ')'
app/views/home/index.html.erb:17: syntax error, unexpected keyword_end, expecting ')'
Started GET "/" for 127.0.0.1 at 2018-02-19 15:05:32 +0530
Processing by HomeController#index as HTML
  Rendering home/index.html.erb within layouts/application
  Rendered home/index.html.erb within layouts/application (0.8ms)
  Rendered shared/_header.html.erb (0.2ms)
  Rendered shared/_footer.html.erb (0.2ms)
Completed 200 OK in 15ms (Views: 14.2ms)


Started POST "/home/sort_string" for 127.0.0.1 at 2018-02-19 15:05:41 +0530
  
ActionController::RoutingError (No route matches [POST] "/home/sort_string"):
  
actionpack (5.1.4) lib/action_dispatch/middleware/debug_exceptions.rb:63:in `call'
web-console (3.5.1) lib/web_console/middleware.rb:135:in `call_app'
web-console (3.5.1) lib/web_console/middleware.rb:28:in `block in call'
web-console (3.5.1) lib/web_console/middleware.rb:18:in `catch'
web-console (3.5.1) lib/web_console/middleware.rb:18:in `call'
actionpack (5.1.4) lib/action_dispatch/middleware/show_exceptions.rb:31:in `call'
railties (5.1.4) lib/rails/rack/logger.rb:36:in `call_app'
railties (5.1.4) lib/rails/rack/logger.rb:24:in `block in call'
activesupport (5.1.4) lib/active_support/tagged_logging.rb:69:in `block in tagged'
activesupport (5.1.4) lib/active_support/tagged_logging.rb:26:in `tagged'
activesupport (5.1.4) lib/active_support/tagged_logging.rb:69:in `tagged'
railties (5.1.4) lib/rails/rack/logger.rb:24:in `call'
sprockets-rails (3.2.1) lib/sprockets/rails/quiet_assets.rb:13:in `call'
actionpack (5.1.4) lib/action_dispatch/middleware/remote_ip.rb:79:in `call'
actionpack (5.1.4) lib/action_dispatch/middleware/request_id.rb:25:in `call'
rack (2.0.3) lib/rack/method_override.rb:22:in `call'
rack (2.0.3) lib/rack/runtime.rb:22:in `call'
activesupport (5.1.4) lib/active_support/cache/strategy/local_cache_middleware.rb:27:in `call'
actionpack (5.1.4) lib/action_dispatch/middleware/executor.rb:12:in `call'
actionpack (5.1.4) lib/action_dispatch/middleware/static.rb:125:in `call'
rack (2.0.3) lib/rack/sendfile.rb:111:in `call'
railties (5.1.4) lib/rails/engine.rb:522:in `call'
puma (3.10.0) lib/puma/configuration.rb:225:in `call'
puma (3.10.0) lib/puma/server.rb:605:in `handle_request'
puma (3.10.0) lib/puma/server.rb:437:in `process_client'
puma (3.10.0) lib/puma/server.rb:301:in `block in run'
puma (3.10.0) lib/puma/thread_pool.rb:120:in `block in spawn_thread'
Started POST "/home/sort_string" for 127.0.0.1 at 2018-02-19 15:05:46 +0530
  
ActionController::RoutingError (No route matches [POST] "/home/sort_string"):
  
actionpack (5.1.4) lib/action_dispatch/middleware/debug_exceptions.rb:63:in `call'
web-console (3.5.1) lib/web_console/middleware.rb:135:in `call_app'
web-console (3.5.1) lib/web_console/middleware.rb:28:in `block in call'
web-console (3.5.1) lib/web_console/middleware.rb:18:in `catch'
web-console (3.5.1) lib/web_console/middleware.rb:18:in `call'
actionpack (5.1.4) lib/action_dispatch/middleware/show_exceptions.rb:31:in `call'
railties (5.1.4) lib/rails/rack/logger.rb:36:in `call_app'
railties (5.1.4) lib/rails/rack/logger.rb:24:in `block in call'
activesupport (5.1.4) lib/active_support/tagged_logging.rb:69:in `block in tagged'
activesupport (5.1.4) lib/active_support/tagged_logging.rb:26:in `tagged'
activesupport (5.1.4) lib/active_support/tagged_logging.rb:69:in `tagged'
railties (5.1.4) lib/rails/rack/logger.rb:24:in `call'
sprockets-rails (3.2.1) lib/sprockets/rails/quiet_assets.rb:13:in `call'
actionpack (5.1.4) lib/action_dispatch/middleware/remote_ip.rb:79:in `call'
actionpack (5.1.4) lib/action_dispatch/middleware/request_id.rb:25:in `call'
rack (2.0.3) lib/rack/method_override.rb:22:in `call'
rack (2.0.3) lib/rack/runtime.rb:22:in `call'
activesupport (5.1.4) lib/active_support/cache/strategy/local_cache_middleware.rb:27:in `call'
actionpack (5.1.4) lib/action_dispatch/middleware/executor.rb:12:in `call'
actionpack (5.1.4) lib/action_dispatch/middleware/static.rb:125:in `call'
rack (2.0.3) lib/rack/sendfile.rb:111:in `call'
railties (5.1.4) lib/rails/engine.rb:522:in `call'
puma (3.10.0) lib/puma/configuration.rb:225:in `call'
puma (3.10.0) lib/puma/server.rb:605:in `handle_request'
puma (3.10.0) lib/puma/server.rb:437:in `process_client'
puma (3.10.0) lib/puma/server.rb:301:in `block in run'
puma (3.10.0) lib/puma/thread_pool.rb:120:in `block in spawn_thread'
Started POST "/home/sort_string" for 127.0.0.1 at 2018-02-19 15:05:47 +0530
  
ActionController::RoutingError (No route matches [POST] "/home/sort_string"):
  
actionpack (5.1.4) lib/action_dispatch/middleware/debug_exceptions.rb:63:in `call'
web-console (3.5.1) lib/web_console/middleware.rb:135:in `call_app'
web-console (3.5.1) lib/web_console/middleware.rb:28:in `block in call'
web-console (3.5.1) lib/web_console/middleware.rb:18:in `catch'
web-console (3.5.1) lib/web_console/middleware.rb:18:in `call'
actionpack (5.1.4) lib/action_dispatch/middleware/show_exceptions.rb:31:in `call'
railties (5.1.4) lib/rails/rack/logger.rb:36:in `call_app'
railties (5.1.4) lib/rails/rack/logger.rb:24:in `block in call'
activesupport (5.1.4) lib/active_support/tagged_logging.rb:69:in `block in tagged'
activesupport (5.1.4) lib/active_support/tagged_logging.rb:26:in `tagged'
activesupport (5.1.4) lib/active_support/tagged_logging.rb:69:in `tagged'
railties (5.1.4) lib/rails/rack/logger.rb:24:in `call'
sprockets-rails (3.2.1) lib/sprockets/rails/quiet_assets.rb:13:in `call'
actionpack (5.1.4) lib/action_dispatch/middleware/remote_ip.rb:79:in `call'
actionpack (5.1.4) lib/action_dispatch/middleware/request_id.rb:25:in `call'
rack (2.0.3) lib/rack/method_override.rb:22:in `call'
rack (2.0.3) lib/rack/runtime.rb:22:in `call'
activesupport (5.1.4) lib/active_support/cache/strategy/local_cache_middleware.rb:27:in `call'
actionpack (5.1.4) lib/action_dispatch/middleware/executor.rb:12:in `call'
actionpack (5.1.4) lib/action_dispatch/middleware/static.rb:125:in `call'
rack (2.0.3) lib/rack/sendfile.rb:111:in `call'
railties (5.1.4) lib/rails/engine.rb:522:in `call'
puma (3.10.0) lib/puma/configuration.rb:225:in `call'
puma (3.10.0) lib/puma/server.rb:605:in `handle_request'
puma (3.10.0) lib/puma/server.rb:437:in `process_client'
puma (3.10.0) lib/puma/server.rb:301:in `block in run'
puma (3.10.0) lib/puma/thread_pool.rb:120:in `block in spawn_thread'
Started POST "/home/sort_string" for 127.0.0.1 at 2018-02-19 15:05:47 +0530
  
ActionController::RoutingError (No route matches [POST] "/home/sort_string"):
  
actionpack (5.1.4) lib/action_dispatch/middleware/debug_exceptions.rb:63:in `call'
web-console (3.5.1) lib/web_console/middleware.rb:135:in `call_app'
web-console (3.5.1) lib/web_console/middleware.rb:28:in `block in call'
web-console (3.5.1) lib/web_console/middleware.rb:18:in `catch'
web-console (3.5.1) lib/web_console/middleware.rb:18:in `call'
actionpack (5.1.4) lib/action_dispatch/middleware/show_exceptions.rb:31:in `call'
railties (5.1.4) lib/rails/rack/logger.rb:36:in `call_app'
railties (5.1.4) lib/rails/rack/logger.rb:24:in `block in call'
activesupport (5.1.4) lib/active_support/tagged_logging.rb:69:in `block in tagged'
activesupport (5.1.4) lib/active_support/tagged_logging.rb:26:in `tagged'
activesupport (5.1.4) lib/active_support/tagged_logging.rb:69:in `tagged'
railties (5.1.4) lib/rails/rack/logger.rb:24:in `call'
sprockets-rails (3.2.1) lib/sprockets/rails/quiet_assets.rb:13:in `call'
actionpack (5.1.4) lib/action_dispatch/middleware/remote_ip.rb:79:in `call'
actionpack (5.1.4) lib/action_dispatch/middleware/request_id.rb:25:in `call'
rack (2.0.3) lib/rack/method_override.rb:22:in `call'
rack (2.0.3) lib/rack/runtime.rb:22:in `call'
activesupport (5.1.4) lib/active_support/cache/strategy/local_cache_middleware.rb:27:in `call'
actionpack (5.1.4) lib/action_dispatch/middleware/executor.rb:12:in `call'
actionpack (5.1.4) lib/action_dispatch/middleware/static.rb:125:in `call'
rack (2.0.3) lib/rack/sendfile.rb:111:in `call'
railties (5.1.4) lib/rails/engine.rb:522:in `call'
puma (3.10.0) lib/puma/configuration.rb:225:in `call'
puma (3.10.0) lib/puma/server.rb:605:in `handle_request'
puma (3.10.0) lib/puma/server.rb:437:in `process_client'
puma (3.10.0) lib/puma/server.rb:301:in `block in run'
puma (3.10.0) lib/puma/thread_pool.rb:120:in `block in spawn_thread'
Started POST "/home/sort_string" for 127.0.0.1 at 2018-02-19 15:05:47 +0530
  
ActionController::RoutingError (No route matches [POST] "/home/sort_string"):
  
actionpack (5.1.4) lib/action_dispatch/middleware/debug_exceptions.rb:63:in `call'
web-console (3.5.1) lib/web_console/middleware.rb:135:in `call_app'
web-console (3.5.1) lib/web_console/middleware.rb:28:in `block in call'
web-console (3.5.1) lib/web_console/middleware.rb:18:in `catch'
web-console (3.5.1) lib/web_console/middleware.rb:18:in `call'
actionpack (5.1.4) lib/action_dispatch/middleware/show_exceptions.rb:31:in `call'
railties (5.1.4) lib/rails/rack/logger.rb:36:in `call_app'
railties (5.1.4) lib/rails/rack/logger.rb:24:in `block in call'
activesupport (5.1.4) lib/active_support/tagged_logging.rb:69:in `block in tagged'
activesupport (5.1.4) lib/active_support/tagged_logging.rb:26:in `tagged'
activesupport (5.1.4) lib/active_support/tagged_logging.rb:69:in `tagged'
railties (5.1.4) lib/rails/rack/logger.rb:24:in `call'
sprockets-rails (3.2.1) lib/sprockets/rails/quiet_assets.rb:13:in `call'
actionpack (5.1.4) lib/action_dispatch/middleware/remote_ip.rb:79:in `call'
actionpack (5.1.4) lib/action_dispatch/middleware/request_id.rb:25:in `call'
rack (2.0.3) lib/rack/method_override.rb:22:in `call'
rack (2.0.3) lib/rack/runtime.rb:22:in `call'
activesupport (5.1.4) lib/active_support/cache/strategy/local_cache_middleware.rb:27:in `call'
actionpack (5.1.4) lib/action_dispatch/middleware/executor.rb:12:in `call'
actionpack (5.1.4) lib/action_dispatch/middleware/static.rb:125:in `call'
rack (2.0.3) lib/rack/sendfile.rb:111:in `call'
railties (5.1.4) lib/rails/engine.rb:522:in `call'
puma (3.10.0) lib/puma/configuration.rb:225:in `call'
puma (3.10.0) lib/puma/server.rb:605:in `handle_request'
puma (3.10.0) lib/puma/server.rb:437:in `process_client'
puma (3.10.0) lib/puma/server.rb:301:in `block in run'
puma (3.10.0) lib/puma/thread_pool.rb:120:in `block in spawn_thread'
Started GET "/" for 127.0.0.1 at 2018-02-19 15:07:40 +0530
Processing by HomeController#index as HTML
  Rendering home/index.html.erb within layouts/application
  Rendered home/index.html.erb within layouts/application (0.7ms)
  Rendered shared/_header.html.erb (0.4ms)
  Rendered shared/_footer.html.erb (0.2ms)
Completed 200 OK in 13ms (Views: 12.7ms)


Started GET "/" for 127.0.0.1 at 2018-02-19 15:07:58 +0530
Processing by HomeController#index as HTML
  Rendering home/index.html.erb within layouts/application
  Rendered home/index.html.erb within layouts/application (0.8ms)
  Rendered shared/_header.html.erb (0.2ms)
  Rendered shared/_footer.html.erb (0.1ms)
Completed 200 OK in 14ms (Views: 13.4ms)


Started GET "/" for 127.0.0.1 at 2018-02-19 15:08:48 +0530
Processing by HomeController#index as HTML
  Rendering home/index.html.erb within layouts/application
  Rendered home/index.html.erb within layouts/application (0.5ms)
  Rendered shared/_header.html.erb (0.2ms)
  Rendered shared/_footer.html.erb (0.2ms)
Completed 200 OK in 13ms (Views: 12.4ms)


Started POST "/home/sort_string" for 127.0.0.1 at 2018-02-19 15:08:53 +0530
  
ActionController::RoutingError (No route matches [POST] "/home/sort_string"):
  
actionpack (5.1.4) lib/action_dispatch/middleware/debug_exceptions.rb:63:in `call'
web-console (3.5.1) lib/web_console/middleware.rb:135:in `call_app'
web-console (3.5.1) lib/web_console/middleware.rb:28:in `block in call'
web-console (3.5.1) lib/web_console/middleware.rb:18:in `catch'
web-console (3.5.1) lib/web_console/middleware.rb:18:in `call'
actionpack (5.1.4) lib/action_dispatch/middleware/show_exceptions.rb:31:in `call'
railties (5.1.4) lib/rails/rack/logger.rb:36:in `call_app'
railties (5.1.4) lib/rails/rack/logger.rb:24:in `block in call'
activesupport (5.1.4) lib/active_support/tagged_logging.rb:69:in `block in tagged'
activesupport (5.1.4) lib/active_support/tagged_logging.rb:26:in `tagged'
activesupport (5.1.4) lib/active_support/tagged_logging.rb:69:in `tagged'
railties (5.1.4) lib/rails/rack/logger.rb:24:in `call'
sprockets-rails (3.2.1) lib/sprockets/rails/quiet_assets.rb:13:in `call'
actionpack (5.1.4) lib/action_dispatch/middleware/remote_ip.rb:79:in `call'
actionpack (5.1.4) lib/action_dispatch/middleware/request_id.rb:25:in `call'
rack (2.0.3) lib/rack/method_override.rb:22:in `call'
rack (2.0.3) lib/rack/runtime.rb:22:in `call'
activesupport (5.1.4) lib/active_support/cache/strategy/local_cache_middleware.rb:27:in `call'
actionpack (5.1.4) lib/action_dispatch/middleware/executor.rb:12:in `call'
actionpack (5.1.4) lib/action_dispatch/middleware/static.rb:125:in `call'
rack (2.0.3) lib/rack/sendfile.rb:111:in `call'
railties (5.1.4) lib/rails/engine.rb:522:in `call'
puma (3.10.0) lib/puma/configuration.rb:225:in `call'
puma (3.10.0) lib/puma/server.rb:605:in `handle_request'
puma (3.10.0) lib/puma/server.rb:437:in `process_client'
puma (3.10.0) lib/puma/server.rb:301:in `block in run'
puma (3.10.0) lib/puma/thread_pool.rb:120:in `block in spawn_thread'
Started GET "/" for 127.0.0.1 at 2018-02-19 15:10:36 +0530
Processing by HomeController#index as HTML
  Rendering home/index.html.erb within layouts/application
  Rendered home/index.html.erb within layouts/application (0.6ms)
  Rendered shared/_header.html.erb (0.5ms)
  Rendered shared/_footer.html.erb (0.4ms)
Completed 200 OK in 13ms (Views: 12.3ms)


Started GET "/" for 127.0.0.1 at 2018-02-19 15:10:48 +0530
Processing by HomeController#index as HTML
  Rendering home/index.html.erb within layouts/application
  Rendered home/index.html.erb within layouts/application (1.1ms)
  Rendered shared/_header.html.erb (0.2ms)
  Rendered shared/_footer.html.erb (0.1ms)
Completed 200 OK in 14ms (Views: 13.3ms)


Started POST "/home/sort_string" for 127.0.0.1 at 2018-02-19 15:11:14 +0530
  
ActionController::RoutingError (No route matches [POST] "/home/sort_string"):
  
actionpack (5.1.4) lib/action_dispatch/middleware/debug_exceptions.rb:63:in `call'
web-console (3.5.1) lib/web_console/middleware.rb:135:in `call_app'
web-console (3.5.1) lib/web_console/middleware.rb:28:in `block in call'
web-console (3.5.1) lib/web_console/middleware.rb:18:in `catch'
web-console (3.5.1) lib/web_console/middleware.rb:18:in `call'
actionpack (5.1.4) lib/action_dispatch/middleware/show_exceptions.rb:31:in `call'
railties (5.1.4) lib/rails/rack/logger.rb:36:in `call_app'
railties (5.1.4) lib/rails/rack/logger.rb:24:in `block in call'
activesupport (5.1.4) lib/active_support/tagged_logging.rb:69:in `block in tagged'
activesupport (5.1.4) lib/active_support/tagged_logging.rb:26:in `tagged'
activesupport (5.1.4) lib/active_support/tagged_logging.rb:69:in `tagged'
railties (5.1.4) lib/rails/rack/logger.rb:24:in `call'
sprockets-rails (3.2.1) lib/sprockets/rails/quiet_assets.rb:13:in `call'
actionpack (5.1.4) lib/action_dispatch/middleware/remote_ip.rb:79:in `call'
actionpack (5.1.4) lib/action_dispatch/middleware/request_id.rb:25:in `call'
rack (2.0.3) lib/rack/method_override.rb:22:in `call'
rack (2.0.3) lib/rack/runtime.rb:22:in `call'
activesupport (5.1.4) lib/active_support/cache/strategy/local_cache_middleware.rb:27:in `call'
actionpack (5.1.4) lib/action_dispatch/middleware/executor.rb:12:in `call'
actionpack (5.1.4) lib/action_dispatch/middleware/static.rb:125:in `call'
rack (2.0.3) lib/rack/sendfile.rb:111:in `call'
railties (5.1.4) lib/rails/engine.rb:522:in `call'
puma (3.10.0) lib/puma/configuration.rb:225:in `call'
puma (3.10.0) lib/puma/server.rb:605:in `handle_request'
puma (3.10.0) lib/puma/server.rb:437:in `process_client'
puma (3.10.0) lib/puma/server.rb:301:in `block in run'
puma (3.10.0) lib/puma/thread_pool.rb:120:in `block in spawn_thread'
Started POST "/home/sort_string" for 127.0.0.1 at 2018-02-19 15:11:23 +0530
  
ActionController::RoutingError (No route matches [POST] "/home/sort_string"):
  
actionpack (5.1.4) lib/action_dispatch/middleware/debug_exceptions.rb:63:in `call'
web-console (3.5.1) lib/web_console/middleware.rb:135:in `call_app'
web-console (3.5.1) lib/web_console/middleware.rb:28:in `block in call'
web-console (3.5.1) lib/web_console/middleware.rb:18:in `catch'
web-console (3.5.1) lib/web_console/middleware.rb:18:in `call'
actionpack (5.1.4) lib/action_dispatch/middleware/show_exceptions.rb:31:in `call'
railties (5.1.4) lib/rails/rack/logger.rb:36:in `call_app'
railties (5.1.4) lib/rails/rack/logger.rb:24:in `block in call'
activesupport (5.1.4) lib/active_support/tagged_logging.rb:69:in `block in tagged'
activesupport (5.1.4) lib/active_support/tagged_logging.rb:26:in `tagged'
activesupport (5.1.4) lib/active_support/tagged_logging.rb:69:in `tagged'
railties (5.1.4) lib/rails/rack/logger.rb:24:in `call'
sprockets-rails (3.2.1) lib/sprockets/rails/quiet_assets.rb:13:in `call'
actionpack (5.1.4) lib/action_dispatch/middleware/remote_ip.rb:79:in `call'
actionpack (5.1.4) lib/action_dispatch/middleware/request_id.rb:25:in `call'
rack (2.0.3) lib/rack/method_override.rb:22:in `call'
rack (2.0.3) lib/rack/runtime.rb:22:in `call'
activesupport (5.1.4) lib/active_support/cache/strategy/local_cache_middleware.rb:27:in `call'
actionpack (5.1.4) lib/action_dispatch/middleware/executor.rb:12:in `call'
actionpack (5.1.4) lib/action_dispatch/middleware/static.rb:125:in `call'
rack (2.0.3) lib/rack/sendfile.rb:111:in `call'
railties (5.1.4) lib/rails/engine.rb:522:in `call'
puma (3.10.0) lib/puma/configuration.rb:225:in `call'
puma (3.10.0) lib/puma/server.rb:605:in `handle_request'
puma (3.10.0) lib/puma/server.rb:437:in `process_client'
puma (3.10.0) lib/puma/server.rb:301:in `block in run'
puma (3.10.0) lib/puma/thread_pool.rb:120:in `block in spawn_thread'
Started GET "/" for 127.0.0.1 at 2018-02-19 15:11:41 +0530
Processing by HomeController#index as HTML
  Rendering home/index.html.erb within layouts/application
  Rendered home/index.html.erb within layouts/application (0.8ms)
  Rendered shared/_header.html.erb (0.2ms)
  Rendered shared/_footer.html.erb (0.1ms)
Completed 200 OK in 14ms (Views: 13.1ms)


Started GET "/" for 127.0.0.1 at 2018-02-19 15:11:47 +0530
Processing by HomeController#index as HTML
  Rendering home/index.html.erb within layouts/application
  Rendered home/index.html.erb within layouts/application (0.8ms)
  Rendered shared/_header.html.erb (0.3ms)
  Rendered shared/_footer.html.erb (0.2ms)
Completed 200 OK in 17ms (Views: 16.3ms)


Started POST "/home/sort_string" for 127.0.0.1 at 2018-02-19 15:11:53 +0530
  
ActionController::RoutingError (No route matches [POST] "/home/sort_string"):
  
actionpack (5.1.4) lib/action_dispatch/middleware/debug_exceptions.rb:63:in `call'
web-console (3.5.1) lib/web_console/middleware.rb:135:in `call_app'
web-console (3.5.1) lib/web_console/middleware.rb:28:in `block in call'
web-console (3.5.1) lib/web_console/middleware.rb:18:in `catch'
web-console (3.5.1) lib/web_console/middleware.rb:18:in `call'
actionpack (5.1.4) lib/action_dispatch/middleware/show_exceptions.rb:31:in `call'
railties (5.1.4) lib/rails/rack/logger.rb:36:in `call_app'
railties (5.1.4) lib/rails/rack/logger.rb:24:in `block in call'
activesupport (5.1.4) lib/active_support/tagged_logging.rb:69:in `block in tagged'
activesupport (5.1.4) lib/active_support/tagged_logging.rb:26:in `tagged'
activesupport (5.1.4) lib/active_support/tagged_logging.rb:69:in `tagged'
railties (5.1.4) lib/rails/rack/logger.rb:24:in `call'
sprockets-rails (3.2.1) lib/sprockets/rails/quiet_assets.rb:13:in `call'
actionpack (5.1.4) lib/action_dispatch/middleware/remote_ip.rb:79:in `call'
actionpack (5.1.4) lib/action_dispatch/middleware/request_id.rb:25:in `call'
rack (2.0.3) lib/rack/method_override.rb:22:in `call'
rack (2.0.3) lib/rack/runtime.rb:22:in `call'
activesupport (5.1.4) lib/active_support/cache/strategy/local_cache_middleware.rb:27:in `call'
actionpack (5.1.4) lib/action_dispatch/middleware/executor.rb:12:in `call'
actionpack (5.1.4) lib/action_dispatch/middleware/static.rb:125:in `call'
rack (2.0.3) lib/rack/sendfile.rb:111:in `call'
railties (5.1.4) lib/rails/engine.rb:522:in `call'
puma (3.10.0) lib/puma/configuration.rb:225:in `call'
puma (3.10.0) lib/puma/server.rb:605:in `handle_request'
puma (3.10.0) lib/puma/server.rb:437:in `process_client'
puma (3.10.0) lib/puma/server.rb:301:in `block in run'
puma (3.10.0) lib/puma/thread_pool.rb:120:in `block in spawn_thread'
Started GET "/" for 127.0.0.1 at 2018-02-19 15:14:19 +0530
Processing by HomeController#index as HTML
  Rendering home/index.html.erb within layouts/application
  Rendered home/index.html.erb within layouts/application (0.5ms)
  Rendered shared/_header.html.erb (0.2ms)
  Rendered shared/_footer.html.erb (0.1ms)
Completed 200 OK in 12ms (Views: 10.3ms)


Started POST "/home/sort_string" for 127.0.0.1 at 2018-02-19 15:14:20 +0530
  
AbstractController::ActionNotFound (The action 'sort_string' could not be found for HomeController):
  
actionpack (5.1.4) lib/abstract_controller/base.rb:119:in `process'
actionview (5.1.4) lib/action_view/rendering.rb:30:in `process'
actionpack (5.1.4) lib/action_controller/metal.rb:189:in `dispatch'
actionpack (5.1.4) lib/action_controller/metal.rb:253:in `dispatch'
actionpack (5.1.4) lib/action_dispatch/routing/route_set.rb:49:in `dispatch'
actionpack (5.1.4) lib/action_dispatch/routing/route_set.rb:31:in `serve'
actionpack (5.1.4) lib/action_dispatch/journey/router.rb:50:in `block in serve'
actionpack (5.1.4) lib/action_dispatch/journey/router.rb:33:in `each'
actionpack (5.1.4) lib/action_dispatch/journey/router.rb:33:in `serve'
actionpack (5.1.4) lib/action_dispatch/routing/route_set.rb:834:in `call'
rack (2.0.3) lib/rack/etag.rb:25:in `call'
rack (2.0.3) lib/rack/conditional_get.rb:38:in `call'
rack (2.0.3) lib/rack/head.rb:12:in `call'
rack (2.0.3) lib/rack/session/abstract/id.rb:232:in `context'
rack (2.0.3) lib/rack/session/abstract/id.rb:226:in `call'
actionpack (5.1.4) lib/action_dispatch/middleware/cookies.rb:613:in `call'
activerecord (5.1.4) lib/active_record/migration.rb:556:in `call'
actionpack (5.1.4) lib/action_dispatch/middleware/callbacks.rb:26:in `block in call'
activesupport (5.1.4) lib/active_support/callbacks.rb:97:in `run_callbacks'
actionpack (5.1.4) lib/action_dispatch/middleware/callbacks.rb:24:in `call'
actionpack (5.1.4) lib/action_dispatch/middleware/executor.rb:12:in `call'
actionpack (5.1.4) lib/action_dispatch/middleware/debug_exceptions.rb:59:in `call'
web-console (3.5.1) lib/web_console/middleware.rb:135:in `call_app'
web-console (3.5.1) lib/web_console/middleware.rb:28:in `block in call'
web-console (3.5.1) lib/web_console/middleware.rb:18:in `catch'
web-console (3.5.1) lib/web_console/middleware.rb:18:in `call'
actionpack (5.1.4) lib/action_dispatch/middleware/show_exceptions.rb:31:in `call'
railties (5.1.4) lib/rails/rack/logger.rb:36:in `call_app'
railties (5.1.4) lib/rails/rack/logger.rb:24:in `block in call'
activesupport (5.1.4) lib/active_support/tagged_logging.rb:69:in `block in tagged'
activesupport (5.1.4) lib/active_support/tagged_logging.rb:26:in `tagged'
activesupport (5.1.4) lib/active_support/tagged_logging.rb:69:in `tagged'
railties (5.1.4) lib/rails/rack/logger.rb:24:in `call'
sprockets-rails (3.2.1) lib/sprockets/rails/quiet_assets.rb:13:in `call'
actionpack (5.1.4) lib/action_dispatch/middleware/remote_ip.rb:79:in `call'
actionpack (5.1.4) lib/action_dispatch/middleware/request_id.rb:25:in `call'
rack (2.0.3) lib/rack/method_override.rb:22:in `call'
rack (2.0.3) lib/rack/runtime.rb:22:in `call'
activesupport (5.1.4) lib/active_support/cache/strategy/local_cache_middleware.rb:27:in `call'
actionpack (5.1.4) lib/action_dispatch/middleware/executor.rb:12:in `call'
actionpack (5.1.4) lib/action_dispatch/middleware/static.rb:125:in `call'
rack (2.0.3) lib/rack/sendfile.rb:111:in `call'
railties (5.1.4) lib/rails/engine.rb:522:in `call'
puma (3.10.0) lib/puma/configuration.rb:225:in `call'
puma (3.10.0) lib/puma/server.rb:605:in `handle_request'
puma (3.10.0) lib/puma/server.rb:437:in `process_client'
puma (3.10.0) lib/puma/server.rb:301:in `block in run'
puma (3.10.0) lib/puma/thread_pool.rb:120:in `block in spawn_thread'
Started POST "/home/sort_string" for 127.0.0.1 at 2018-02-19 15:14:43 +0530
Processing by HomeController#sort_string as JS
  Parameters: {"utf8"=>"✓", "q"=>""}
No template found for HomeController#sort_string, rendering head :no_content
Completed 204 No Content in 14ms


Started GET "/" for 127.0.0.1 at 2018-02-19 15:14:51 +0530
Processing by HomeController#index as HTML
  Rendering home/index.html.erb within layouts/application
  Rendered home/index.html.erb within layouts/application (0.7ms)
  Rendered shared/_header.html.erb (0.3ms)
  Rendered shared/_footer.html.erb (0.2ms)
Completed 200 OK in 14ms (Views: 12.8ms)


Started GET "/" for 127.0.0.1 at 2018-02-19 15:14:53 +0530
Processing by HomeController#index as HTML
  Rendering home/index.html.erb within layouts/application
  Rendered home/index.html.erb within layouts/application (0.5ms)
  Rendered shared/_header.html.erb (0.2ms)
  Rendered shared/_footer.html.erb (0.1ms)
Completed 200 OK in 13ms (Views: 12.0ms)


Started POST "/home/sort_string" for 127.0.0.1 at 2018-02-19 15:14:57 +0530
Processing by HomeController#sort_string as JS
  Parameters: {"utf8"=>"✓", "q"=>""}
No template found for HomeController#sort_string, rendering head :no_content
Completed 204 No Content in 16ms


Started GET "/" for 127.0.0.1 at 2018-02-19 15:15:52 +0530
Processing by HomeController#index as HTML
  Rendering home/index.html.erb within layouts/application
  Rendered home/index.html.erb within layouts/application (0.5ms)
  Rendered shared/_header.html.erb (0.3ms)
  Rendered shared/_footer.html.erb (0.2ms)
Completed 200 OK in 14ms (Views: 13.0ms)


Started POST "/home/sort_string" for 127.0.0.1 at 2018-02-19 15:15:57 +0530
Processing by HomeController#sort_string as JS
  Parameters: {"utf8"=>"✓", "q"=>"ffffff"}
No template found for HomeController#sort_string, rendering head :no_content
Completed 204 No Content in 15ms


Started GET "/" for 127.0.0.1 at 2018-02-19 15:19:53 +0530
Processing by HomeController#index as HTML
  Rendering home/index.html.erb within layouts/application
  Rendered home/index.html.erb within layouts/application (0.9ms)
  Rendered shared/_header.html.erb (0.2ms)
  Rendered shared/_footer.html.erb (0.2ms)
Completed 200 OK in 12ms (Views: 11.5ms)


Started POST "/home/sort_string" for 127.0.0.1 at 2018-02-19 15:19:55 +0530
Processing by HomeController#sort_string as JS
  Parameters: {"utf8"=>"✓", "q"=>"ffffff"}
  Rendering home/sort_string.js.erb
  Rendered home/_sorted_string.html.erb (0.2ms)
  Rendered home/sort_string.js.erb (3.9ms)
Completed 200 OK in 11ms (Views: 7.5ms)


Started POST "/home/sort_string" for 127.0.0.1 at 2018-02-19 15:20:05 +0530
Processing by HomeController#sort_string as JS
  Parameters: {"utf8"=>"✓", "q"=>"ffffff"}
  Rendering home/sort_string.js.erb
  Rendered home/_sorted_string.html.erb (0.2ms)
  Rendered home/sort_string.js.erb (3.7ms)
Completed 200 OK in 15ms (Views: 9.0ms)


Started GET "/" for 127.0.0.1 at 2018-02-19 15:21:58 +0530
Processing by HomeController#index as HTML
  Rendering home/index.html.erb within layouts/application
  Rendered home/index.html.erb within layouts/application (0.7ms)
  Rendered shared/_header.html.erb (0.2ms)
  Rendered shared/_footer.html.erb (0.1ms)
Completed 200 OK in 13ms (Views: 11.8ms)


Started POST "/home/sort_string" for 127.0.0.1 at 2018-02-19 15:22:00 +0530
Processing by HomeController#sort_string as JS
  Parameters: {"utf8"=>"✓", "q"=>"ffffff"}
  Rendering home/sort_string.js.erb
  Rendered home/_sorted_string.html.erb (0.2ms)
  Rendered home/sort_string.js.erb (3.3ms)
Completed 200 OK in 10ms (Views: 6.7ms)


Started POST "/home/sort_string" for 127.0.0.1 at 2018-02-19 15:22:30 +0530
Processing by HomeController#sort_string as JS
  Parameters: {"utf8"=>"✓", "q"=>"ffffff"}
  Rendering home/sort_string.js.erb
  Rendered home/_sorted_string.html.erb (0.2ms)
  Rendered home/sort_string.js.erb (3.6ms)
Completed 200 OK in 11ms (Views: 7.9ms)


Started POST "/home/sort_string" for 127.0.0.1 at 2018-02-19 15:22:31 +0530
Processing by HomeController#sort_string as JS
  Parameters: {"utf8"=>"✓", "q"=>"ffffff"}
  Rendering home/sort_string.js.erb
  Rendered home/_sorted_string.html.erb (0.3ms)
  Rendered home/sort_string.js.erb (4.8ms)
Completed 200 OK in 14ms (Views: 9.5ms)


Started POST "/home/sort_string" for 127.0.0.1 at 2018-02-19 15:22:31 +0530
Processing by HomeController#sort_string as JS
  Parameters: {"utf8"=>"✓", "q"=>"ffffff"}
  Rendering home/sort_string.js.erb
  Rendered home/_sorted_string.html.erb (0.2ms)
  Rendered home/sort_string.js.erb (3.3ms)
Completed 200 OK in 10ms (Views: 6.9ms)


Started POST "/home/sort_string" for 127.0.0.1 at 2018-02-19 15:22:31 +0530
Processing by HomeController#sort_string as JS
  Parameters: {"utf8"=>"✓", "q"=>"ffffff"}
  Rendering home/sort_string.js.erb
  Rendered home/_sorted_string.html.erb (0.2ms)
  Rendered home/sort_string.js.erb (3.3ms)
Completed 200 OK in 10ms (Views: 6.7ms)


Started POST "/home/sort_string" for 127.0.0.1 at 2018-02-19 15:23:14 +0530
Processing by HomeController#sort_string as JS
  Parameters: {"utf8"=>"✓", "q"=>"ffffff"}
  Rendering home/sort_string.js.erb
  Rendered home/_sorted_string.html.erb (0.4ms)
  Rendered home/sort_string.js.erb (7.6ms)
Completed 200 OK in 25ms (Views: 17.1ms)


Started POST "/home/sort_string" for 127.0.0.1 at 2018-02-19 15:23:15 +0530
Processing by HomeController#sort_string as JS
  Parameters: {"utf8"=>"✓", "q"=>"ffffff"}
  Rendering home/sort_string.js.erb
  Rendered home/_sorted_string.html.erb (0.4ms)
  Rendered home/sort_string.js.erb (7.2ms)
Completed 200 OK in 27ms (Views: 17.1ms)


Started POST "/home/sort_string" for 127.0.0.1 at 2018-02-19 15:23:15 +0530
Processing by HomeController#sort_string as JS
  Parameters: {"utf8"=>"✓", "q"=>"ffffff"}
  Rendering home/sort_string.js.erb
  Rendered home/_sorted_string.html.erb (0.2ms)
  Rendered home/sort_string.js.erb (3.2ms)
Completed 200 OK in 10ms (Views: 6.6ms)


Started POST "/home/sort_string" for 127.0.0.1 at 2018-02-19 15:23:16 +0530
Processing by HomeController#sort_string as JS
  Parameters: {"utf8"=>"✓", "q"=>"ffffff"}
  Rendering home/sort_string.js.erb
  Rendered home/_sorted_string.html.erb (0.2ms)
  Rendered home/sort_string.js.erb (3.7ms)
Completed 200 OK in 10ms (Views: 7.1ms)


Started POST "/home/sort_string" for 127.0.0.1 at 2018-02-19 15:23:24 +0530
Processing by HomeController#sort_string as JS
  Parameters: {"utf8"=>"✓", "q"=>"ffffff"}
  Rendering home/sort_string.js.erb
  Rendered home/_sorted_string.html.erb (0.2ms)
  Rendered home/sort_string.js.erb (3.4ms)
Completed 200 OK in 11ms (Views: 7.8ms)


Started POST "/home/sort_string" for 127.0.0.1 at 2018-02-19 15:24:41 +0530
Processing by HomeController#sort_string as JS
  Parameters: {"utf8"=>"✓", "q"=>"ffffff"}
  Rendering home/sort_string.js.erb
  Rendered home/_sorted_string.html.erb (0.3ms)
  Rendered home/sort_string.js.erb (3.6ms)
Completed 200 OK in 11ms (Views: 8.1ms)


Started POST "/home/sort_string" for 127.0.0.1 at 2018-02-19 15:25:02 +0530
Processing by HomeController#sort_string as JS
  Parameters: {"utf8"=>"✓", "q"=>"ffffff"}
  Rendering home/sort_string.js.erb
  Rendered home/_sorted_string.html.erb (0.2ms)
  Rendered home/sort_string.js.erb (3.3ms)
Completed 200 OK in 10ms (Views: 6.7ms)


Started POST "/home/sort_string" for 127.0.0.1 at 2018-02-19 15:26:42 +0530
Processing by HomeController#sort_string as JS
  Parameters: {"utf8"=>"✓", "q"=>"ffffff"}
  Rendering home/sort_string.js.erb
  Rendered home/_sorted_string.html.erb (0.4ms)
  Rendered home/sort_string.js.erb (3.9ms)
Completed 200 OK in 11ms (Views: 8.2ms)


Started POST "/home/sort_string" for 127.0.0.1 at 2018-02-19 15:28:06 +0530
Processing by HomeController#sort_string as JS
  Parameters: {"utf8"=>"✓", "q"=>"ffffff"}
  Rendering home/sort_string.js.erb
  Rendered home/_sorted_string.html.erb (0.2ms)
  Rendered home/sort_string.js.erb (3.4ms)
Completed 200 OK in 10ms (Views: 7.1ms)


Started POST "/home/sort_string" for 127.0.0.1 at 2018-02-19 15:38:32 +0530
Processing by HomeController#sort_string as JS
  Parameters: {"utf8"=>"✓", "q"=>"ffffff"}
  Rendering home/sort_string.js.erb
  Rendered home/_sorted_string.html.erb (0.4ms)
  Rendered home/sort_string.js.erb (4.2ms)
Completed 200 OK in 15ms (Views: 10.1ms)


Started POST "/home/sort_string" for 127.0.0.1 at 2018-02-19 15:39:27 +0530
Processing by HomeController#sort_string as JS
  Parameters: {"utf8"=>"✓", "q"=>"ffffff"}
  Rendering home/sort_string.js.erb
  Rendered home/_sorted_string.html.erb (0.4ms)
  Rendered home/sort_string.js.erb (3.5ms)
Completed 200 OK in 11ms (Views: 8.0ms)


Started POST "/home/sort_string" for 127.0.0.1 at 2018-02-19 15:39:29 +0530
Processing by HomeController#sort_string as JS
  Parameters: {"utf8"=>"✓", "q"=>"ffffff"}
  Rendering home/sort_string.js.erb
  Rendered home/_sorted_string.html.erb (0.4ms)
  Rendered home/sort_string.js.erb (5.5ms)
Completed 200 OK in 17ms (Views: 12.4ms)


Started POST "/home/sort_string" for 127.0.0.1 at 2018-02-19 15:39:29 +0530
Processing by HomeController#sort_string as JS
  Parameters: {"utf8"=>"✓", "q"=>"ffffff"}
  Rendering home/sort_string.js.erb
  Rendered home/_sorted_string.html.erb (0.8ms)
  Rendered home/sort_string.js.erb (5.3ms)
Completed 200 OK in 14ms (Views: 10.1ms)


Started POST "/home/sort_string" for 127.0.0.1 at 2018-02-19 15:39:29 +0530
Processing by HomeController#sort_string as JS
  Parameters: {"utf8"=>"✓", "q"=>"ffffff"}
  Rendering home/sort_string.js.erb
  Rendered home/_sorted_string.html.erb (0.5ms)
  Rendered home/sort_string.js.erb (4.0ms)
Completed 200 OK in 11ms (Views: 7.6ms)


Started POST "/home/sort_string" for 127.0.0.1 at 2018-02-19 15:39:29 +0530
Processing by HomeController#sort_string as JS
  Parameters: {"utf8"=>"✓", "q"=>"ffffff"}
  Rendering home/sort_string.js.erb
  Rendered home/_sorted_string.html.erb (0.4ms)
  Rendered home/sort_string.js.erb (3.7ms)
Completed 200 OK in 10ms (Views: 7.2ms)


Started POST "/home/sort_string" for 127.0.0.1 at 2018-02-19 15:39:29 +0530
Processing by HomeController#sort_string as JS
  Parameters: {"utf8"=>"✓", "q"=>"ffffff"}
  Rendering home/sort_string.js.erb
  Rendered home/_sorted_string.html.erb (0.3ms)
  Rendered home/sort_string.js.erb (3.5ms)
Completed 200 OK in 10ms (Views: 6.8ms)


Started POST "/home/sort_string" for 127.0.0.1 at 2018-02-19 15:39:30 +0530
Processing by HomeController#sort_string as JS
  Parameters: {"utf8"=>"✓", "q"=>"ffffff"}
  Rendering home/sort_string.js.erb
  Rendered home/_sorted_string.html.erb (0.4ms)
  Rendered home/sort_string.js.erb (3.6ms)
Completed 200 OK in 10ms (Views: 7.2ms)


Started POST "/home/sort_string" for 127.0.0.1 at 2018-02-19 15:39:30 +0530
Processing by HomeController#sort_string as JS
  Parameters: {"utf8"=>"✓", "q"=>"ffffff"}
  Rendering home/sort_string.js.erb
  Rendered home/_sorted_string.html.erb (0.3ms)
  Rendered home/sort_string.js.erb (3.7ms)
Completed 200 OK in 17ms (Views: 9.9ms)


Started POST "/home/sort_string" for 127.0.0.1 at 2018-02-19 15:39:30 +0530
Processing by HomeController#sort_string as JS
  Parameters: {"utf8"=>"✓", "q"=>"ffffff"}
  Rendering home/sort_string.js.erb
  Rendered home/_sorted_string.html.erb (0.3ms)
  Rendered home/sort_string.js.erb (3.5ms)
Completed 200 OK in 10ms (Views: 7.0ms)


Started POST "/home/sort_string" for 127.0.0.1 at 2018-02-19 15:39:30 +0530
Processing by HomeController#sort_string as JS
  Parameters: {"utf8"=>"✓", "q"=>"ffffff"}
  Rendering home/sort_string.js.erb
  Rendered home/_sorted_string.html.erb (0.3ms)
  Rendered home/sort_string.js.erb (3.5ms)
Completed 200 OK in 10ms (Views: 7.0ms)


Started POST "/home/sort_string" for 127.0.0.1 at 2018-02-19 15:39:30 +0530
Processing by HomeController#sort_string as JS
  Parameters: {"utf8"=>"✓", "q"=>"ffffff"}
  Rendering home/sort_string.js.erb
  Rendered home/_sorted_string.html.erb (0.4ms)
  Rendered home/sort_string.js.erb (3.7ms)
Completed 200 OK in 10ms (Views: 7.0ms)


Started POST "/home/sort_string" for 127.0.0.1 at 2018-02-19 15:39:31 +0530
Processing by HomeController#sort_string as JS
  Parameters: {"utf8"=>"✓", "q"=>"ffffff"}
  Rendering home/sort_string.js.erb
  Rendered home/_sorted_string.html.erb (0.4ms)
  Rendered home/sort_string.js.erb (3.9ms)
Completed 200 OK in 10ms (Views: 7.4ms)


Started POST "/home/sort_string" for 127.0.0.1 at 2018-02-19 15:39:31 +0530
Processing by HomeController#sort_string as JS
  Parameters: {"utf8"=>"✓", "q"=>"ffffff"}
  Rendering home/sort_string.js.erb
  Rendered home/_sorted_string.html.erb (0.4ms)
  Rendered home/sort_string.js.erb (4.1ms)
Completed 200 OK in 15ms (Views: 11.9ms)


Started POST "/home/sort_string" for 127.0.0.1 at 2018-02-19 15:39:31 +0530
Processing by HomeController#sort_string as JS
  Parameters: {"utf8"=>"✓", "q"=>"ffffff"}
  Rendering home/sort_string.js.erb
  Rendered home/_sorted_string.html.erb (0.6ms)
  Rendered home/sort_string.js.erb (4.1ms)
Completed 200 OK in 14ms (Views: 9.0ms)


Started POST "/home/sort_string" for 127.0.0.1 at 2018-02-19 15:39:31 +0530
Processing by HomeController#sort_string as JS
  Parameters: {"utf8"=>"✓", "q"=>"ffffff"}
  Rendering home/sort_string.js.erb
  Rendered home/_sorted_string.html.erb (1.3ms)
  Rendered home/sort_string.js.erb (5.1ms)
Completed 200 OK in 14ms (Views: 10.1ms)


Started POST "/home/sort_string" for 127.0.0.1 at 2018-02-19 15:39:36 +0530
Processing by HomeController#sort_string as JS
  Parameters: {"utf8"=>"✓", "q"=>"ffffff"}
  Rendering home/sort_string.js.erb
  Rendered home/_sorted_string.html.erb (0.3ms)
  Rendered home/sort_string.js.erb (3.5ms)
Completed 200 OK in 10ms (Views: 6.9ms)


Started POST "/home/sort_string" for 127.0.0.1 at 2018-02-19 15:39:36 +0530
Processing by HomeController#sort_string as JS
  Parameters: {"utf8"=>"✓", "q"=>"ffffff"}
  Rendering home/sort_string.js.erb
  Rendered home/_sorted_string.html.erb (0.4ms)
  Rendered home/sort_string.js.erb (3.9ms)
Completed 200 OK in 10ms (Views: 7.2ms)


Started POST "/home/sort_string" for 127.0.0.1 at 2018-02-19 15:39:36 +0530
Processing by HomeController#sort_string as JS
  Parameters: {"utf8"=>"✓", "q"=>"ffffff"}
  Rendering home/sort_string.js.erb
  Rendered home/_sorted_string.html.erb (0.3ms)
  Rendered home/sort_string.js.erb (3.7ms)
Completed 200 OK in 10ms (Views: 7.1ms)


Started POST "/home/sort_string" for 127.0.0.1 at 2018-02-19 15:39:37 +0530
Processing by HomeController#sort_string as JS
  Parameters: {"utf8"=>"✓", "q"=>"ffffff"}
  Rendering home/sort_string.js.erb
  Rendered home/_sorted_string.html.erb (0.3ms)
  Rendered home/sort_string.js.erb (3.5ms)
Completed 200 OK in 10ms (Views: 7.0ms)


Started POST "/home/sort_string" for 127.0.0.1 at 2018-02-19 15:39:37 +0530
Processing by HomeController#sort_string as JS
  Parameters: {"utf8"=>"✓", "q"=>"ffffff"}
  Rendering home/sort_string.js.erb
  Rendered home/_sorted_string.html.erb (0.3ms)
  Rendered home/sort_string.js.erb (3.5ms)
Completed 200 OK in 10ms (Views: 7.1ms)


Started POST "/home/sort_string" for 127.0.0.1 at 2018-02-19 15:39:37 +0530
Processing by HomeController#sort_string as JS
  Parameters: {"utf8"=>"✓", "q"=>"ffffff"}
  Rendering home/sort_string.js.erb
  Rendered home/_sorted_string.html.erb (0.5ms)
  Rendered home/sort_string.js.erb (4.1ms)
Completed 200 OK in 14ms (Views: 8.6ms)


Started POST "/home/sort_string" for 127.0.0.1 at 2018-02-19 15:39:37 +0530
Processing by HomeController#sort_string as JS
  Parameters: {"utf8"=>"✓", "q"=>"ffffff"}
  Rendering home/sort_string.js.erb
  Rendered home/_sorted_string.html.erb (0.4ms)
  Rendered home/sort_string.js.erb (3.7ms)
Completed 200 OK in 10ms (Views: 7.2ms)


Started POST "/home/sort_string" for 127.0.0.1 at 2018-02-19 15:39:37 +0530
Processing by HomeController#sort_string as JS
  Parameters: {"utf8"=>"✓", "q"=>"ffffff"}
  Rendering home/sort_string.js.erb
  Rendered home/_sorted_string.html.erb (0.3ms)
  Rendered home/sort_string.js.erb (3.5ms)
Completed 200 OK in 10ms (Views: 7.1ms)


Started POST "/home/sort_string" for 127.0.0.1 at 2018-02-19 15:39:38 +0530
Processing by HomeController#sort_string as JS
  Parameters: {"utf8"=>"✓", "q"=>"ffffff"}
  Rendering home/sort_string.js.erb
  Rendered home/_sorted_string.html.erb (0.3ms)
  Rendered home/sort_string.js.erb (3.5ms)
Completed 200 OK in 10ms (Views: 7.2ms)


Started POST "/home/sort_string" for 127.0.0.1 at 2018-02-19 15:39:38 +0530
Processing by HomeController#sort_string as JS
  Parameters: {"utf8"=>"✓", "q"=>"ffffff"}
  Rendering home/sort_string.js.erb
  Rendered home/_sorted_string.html.erb (0.4ms)
  Rendered home/sort_string.js.erb (3.6ms)
Completed 200 OK in 10ms (Views: 7.0ms)


Started POST "/home/sort_string" for 127.0.0.1 at 2018-02-19 15:39:38 +0530
Processing by HomeController#sort_string as JS
  Parameters: {"utf8"=>"✓", "q"=>"ffffff"}
  Rendering home/sort_string.js.erb
  Rendered home/_sorted_string.html.erb (0.3ms)
  Rendered home/sort_string.js.erb (3.5ms)
Completed 200 OK in 10ms (Views: 6.9ms)


Started POST "/home/sort_string" for 127.0.0.1 at 2018-02-19 15:39:38 +0530
Processing by HomeController#sort_string as JS
  Parameters: {"utf8"=>"✓", "q"=>"ffffff"}
  Rendering home/sort_string.js.erb
  Rendered home/_sorted_string.html.erb (0.6ms)
  Rendered home/sort_string.js.erb (4.0ms)
Completed 200 OK in 11ms (Views: 7.4ms)


Started POST "/home/sort_string" for 127.0.0.1 at 2018-02-19 15:39:38 +0530
Processing by HomeController#sort_string as JS
  Parameters: {"utf8"=>"✓", "q"=>"ffffff"}
  Rendering home/sort_string.js.erb
  Rendered home/_sorted_string.html.erb (0.3ms)
  Rendered home/sort_string.js.erb (3.4ms)
Completed 200 OK in 10ms (Views: 7.0ms)


Started POST "/home/sort_string" for 127.0.0.1 at 2018-02-19 15:40:28 +0530
Processing by HomeController#sort_string as JS
  Parameters: {"utf8"=>"✓", "q"=>"ffffff"}
  Rendering home/sort_string.js.erb
  Rendered home/_sorted_string.html.erb (0.3ms)
  Rendered home/sort_string.js.erb (3.8ms)
Completed 200 OK in 11ms (Views: 8.0ms)


Started POST "/home/sort_string" for 127.0.0.1 at 2018-02-19 15:41:04 +0530
Processing by HomeController#sort_string as JS
  Parameters: {"utf8"=>"✓", "q"=>"ffffff"}
  Rendering home/sort_string.js.erb
  Rendered home/_sorted_string.html.erb (0.3ms)
  Rendered home/sort_string.js.erb (3.6ms)
Completed 200 OK in 11ms (Views: 8.3ms)


Started POST "/home/sort_string" for 127.0.0.1 at 2018-02-19 15:41:06 +0530
Processing by HomeController#sort_string as JS
  Parameters: {"utf8"=>"✓", "q"=>"ffffff"}
  Rendering home/sort_string.js.erb
  Rendered home/_sorted_string.html.erb (1.0ms)
  Rendered home/sort_string.js.erb (9.7ms)
Completed 200 OK in 31ms (Views: 20.1ms)


Started POST "/home/sort_string" for 127.0.0.1 at 2018-02-19 15:41:06 +0530
Processing by HomeController#sort_string as JS
  Parameters: {"utf8"=>"✓", "q"=>"ffffff"}
  Rendering home/sort_string.js.erb
  Rendered home/_sorted_string.html.erb (0.4ms)
  Rendered home/sort_string.js.erb (3.8ms)
Completed 200 OK in 10ms (Views: 7.1ms)


Started POST "/home/sort_string" for 127.0.0.1 at 2018-02-19 15:41:06 +0530
Processing by HomeController#sort_string as JS
  Parameters: {"utf8"=>"✓", "q"=>"ffffff"}
  Rendering home/sort_string.js.erb
  Rendered home/_sorted_string.html.erb (0.5ms)
  Rendered home/sort_string.js.erb (3.9ms)
Completed 200 OK in 10ms (Views: 7.3ms)


Started POST "/home/sort_string" for 127.0.0.1 at 2018-02-19 15:41:18 +0530
Processing by HomeController#sort_string as JS
  Parameters: {"utf8"=>"✓", "q"=>"ffffff"}
  Rendering home/sort_string.js.erb
  Rendered home/_sorted_string.html.erb (0.3ms)
  Rendered home/sort_string.js.erb (3.5ms)
Completed 200 OK in 10ms (Views: 6.9ms)


Started GET "/" for 127.0.0.1 at 2018-02-19 15:41:51 +0530
Processing by HomeController#index as HTML
  Rendering home/index.html.erb within layouts/application
  Rendered home/index.html.erb within layouts/application (0.6ms)
  Rendered shared/_header.html.erb (0.3ms)
  Rendered shared/_footer.html.erb (0.6ms)
Completed 200 OK in 14ms (Views: 13.4ms)


Started POST "/home/sort_string" for 127.0.0.1 at 2018-02-19 15:41:55 +0530
Processing by HomeController#sort_string as JS
  Parameters: {"utf8"=>"✓", "q"=>"hh"}
  Rendering home/sort_string.js.erb
  Rendered home/_sorted_string.html.erb (0.3ms)
  Rendered home/sort_string.js.erb (3.5ms)
Completed 200 OK in 10ms (Views: 7.3ms)


Started POST "/home/sort_string" for 127.0.0.1 at 2018-02-19 15:42:22 +0530
Processing by HomeController#sort_string as JS
  Parameters: {"utf8"=>"✓", "q"=>"hh"}
  Rendering home/sort_string.js.erb
  Rendered home/_sorted_string.html.erb (0.5ms)
  Rendered home/sort_string.js.erb (5.7ms)
Completed 200 OK in 16ms (Views: 11.2ms)


Started POST "/home/sort_string" for 127.0.0.1 at 2018-02-19 15:42:23 +0530
Processing by HomeController#sort_string as JS
  Parameters: {"utf8"=>"✓", "q"=>"hh"}
  Rendering home/sort_string.js.erb
  Rendered home/_sorted_string.html.erb (0.3ms)
  Rendered home/sort_string.js.erb (3.7ms)
Completed 200 OK in 14ms (Views: 8.5ms)


Started GET "/" for 127.0.0.1 at 2018-02-19 15:42:35 +0530
Processing by HomeController#index as HTML
  Rendering home/index.html.erb within layouts/application
  Rendered home/index.html.erb within layouts/application (0.5ms)
  Rendered shared/_header.html.erb (0.3ms)
  Rendered shared/_footer.html.erb (0.1ms)
Completed 200 OK in 13ms (Views: 12.0ms)


Started POST "/home/sort_string" for 127.0.0.1 at 2018-02-19 15:42:36 +0530
Processing by HomeController#sort_string as JS
  Parameters: {"utf8"=>"✓", "q"=>"hh"}
  Rendering home/sort_string.js.erb
  Rendered home/_sorted_string.html.erb (0.3ms)
  Rendered home/sort_string.js.erb (3.6ms)
Completed 200 OK in 11ms (Views: 7.3ms)


Started POST "/home/sort_string" for 127.0.0.1 at 2018-02-19 15:42:37 +0530
Processing by HomeController#sort_string as JS
  Parameters: {"utf8"=>"✓", "q"=>"hh"}
  Rendering home/sort_string.js.erb
  Rendered home/_sorted_string.html.erb (0.4ms)
  Rendered home/sort_string.js.erb (4.0ms)
Completed 200 OK in 14ms (Views: 8.0ms)


Started POST "/home/sort_string" for 127.0.0.1 at 2018-02-19 15:42:37 +0530
Processing by HomeController#sort_string as JS
  Parameters: {"utf8"=>"✓", "q"=>"hh"}
  Rendering home/sort_string.js.erb
  Rendered home/_sorted_string.html.erb (0.4ms)
  Rendered home/sort_string.js.erb (3.8ms)
Completed 200 OK in 12ms (Views: 7.7ms)


Started POST "/home/sort_string" for 127.0.0.1 at 2018-02-19 15:42:47 +0530
Processing by HomeController#sort_string as JS
  Parameters: {"utf8"=>"✓", "q"=>"hh"}
  Rendering home/sort_string.js.erb
  Rendered home/_sorted_string.html.erb (0.3ms)
  Rendered home/sort_string.js.erb (3.5ms)
Completed 200 OK in 10ms (Views: 7.0ms)


Started POST "/home/sort_string" for 127.0.0.1 at 2018-02-19 15:43:00 +0530
Processing by HomeController#sort_string as JS
  Parameters: {"utf8"=>"✓", "q"=>"hh"}
  Rendering home/sort_string.js.erb
  Rendered home/_sorted_string.html.erb (0.5ms)
  Rendered home/sort_string.js.erb (4.3ms)
Completed 200 OK in 13ms (Views: 9.0ms)


Started POST "/home/sort_string" for 127.0.0.1 at 2018-02-19 15:43:27 +0530
Processing by HomeController#sort_string as JS
  Parameters: {"utf8"=>"✓", "q"=>"hh"}
  Rendering home/sort_string.js.erb
  Rendered home/_sorted_string.html.erb (0.3ms)
  Rendered home/sort_string.js.erb (4.0ms)
Completed 200 OK in 15ms (Views: 9.4ms)


Started GET "/" for 127.0.0.1 at 2018-02-19 15:43:28 +0530
Processing by HomeController#index as HTML
  Rendering home/index.html.erb within layouts/application
  Rendered home/index.html.erb within layouts/application (0.5ms)
  Rendered shared/_header.html.erb (0.3ms)
  Rendered shared/_footer.html.erb (0.2ms)
Completed 200 OK in 12ms (Views: 11.8ms)


Started POST "/home/sort_string" for 127.0.0.1 at 2018-02-19 15:43:30 +0530
Processing by HomeController#sort_string as JS
  Parameters: {"utf8"=>"✓", "q"=>"hh"}
  Rendering home/sort_string.js.erb
  Rendered home/_sorted_string.html.erb (0.3ms)
  Rendered home/sort_string.js.erb (3.7ms)
Completed 200 OK in 12ms (Views: 7.1ms)


Started GET "/" for 127.0.0.1 at 2018-02-19 15:44:03 +0530
Processing by HomeController#index as HTML
  Rendering home/index.html.erb within layouts/application
  Rendered home/index.html.erb within layouts/application (0.6ms)
  Rendered shared/_header.html.erb (0.3ms)
  Rendered shared/_footer.html.erb (0.2ms)
Completed 200 OK in 14ms (Views: 13.1ms)


Started POST "/home/sort_string" for 127.0.0.1 at 2018-02-19 15:44:05 +0530
Processing by HomeController#sort_string as JS
  Parameters: {"utf8"=>"✓", "q"=>"hh"}
  Rendering home/sort_string.js.erb
  Rendered home/_sorted_string.html.erb (0.3ms)
  Rendered home/sort_string.js.erb (3.5ms)
Completed 200 OK in 11ms (Views: 7.4ms)


Started POST "/home/sort_string" for 127.0.0.1 at 2018-02-19 15:44:15 +0530
Processing by HomeController#sort_string as JS
  Parameters: {"utf8"=>"✓", "q"=>"hh"}
  Rendering home/sort_string.js.erb
  Rendered home/_sorted_string.html.erb (0.8ms)
  Rendered home/sort_string.js.erb (5.6ms)
Completed 200 OK in 15ms (Views: 11.4ms)


Started GET "/" for 127.0.0.1 at 2018-02-19 15:44:50 +0530
Processing by HomeController#index as HTML
  Rendering home/index.html.erb within layouts/application
  Rendered home/index.html.erb within layouts/application (0.5ms)
  Rendered shared/_header.html.erb (0.2ms)
  Rendered shared/_footer.html.erb (0.2ms)
Completed 200 OK in 12ms (Views: 11.1ms)


Started POST "/home/sort_string" for 127.0.0.1 at 2018-02-19 15:44:51 +0530
Processing by HomeController#sort_string as JS
  Parameters: {"utf8"=>"✓", "q"=>"hh"}
  Rendering home/sort_string.js.erb
  Rendered home/_sorted_string.html.erb (5.2ms)
  Rendered home/sort_string.js.erb (8.7ms)
Completed 500 Internal Server Error in 17ms


  
ActionView::Template::Error (undefined method `keys' for #<Array:0x007f04c0618ea8>):
    1: <h3>Sorted String : <%= @new_string.keys.join(' => ') %> </h3>
    2: <table class="table table-striped">
    3: 	<thead>
    4: 	  <tr>
  
app/views/home/_sorted_string.html.erb:1:in `_app_views_home__sorted_string_html_erb__4028747936274542638_69829192016980'
app/views/home/sort_string.js.erb:1:in `_app_views_home_sort_string_js_erb___4291521831027434613_69829192096140'
Started POST "/home/sort_string" for 127.0.0.1 at 2018-02-19 15:44:53 +0530
Processing by HomeController#sort_string as JS
  Parameters: {"utf8"=>"✓", "q"=>"hh"}
  Rendering home/sort_string.js.erb
  Rendered home/_sorted_string.html.erb (4.5ms)
  Rendered home/sort_string.js.erb (7.9ms)
Completed 500 Internal Server Error in 15ms


  
ActionView::Template::Error (undefined method `keys' for #<Array:0x007f04b8399748>):
    1: <h3>Sorted String : <%= @new_string.keys.join(' => ') %> </h3>
    2: <table class="table table-striped">
    3: 	<thead>
    4: 	  <tr>
  
app/views/home/_sorted_string.html.erb:1:in `_app_views_home__sorted_string_html_erb__4028747936274542638_69829122269880'
app/views/home/sort_string.js.erb:1:in `_app_views_home_sort_string_js_erb___4291521831027434613_69829123677340'
Started POST "/home/sort_string" for 127.0.0.1 at 2018-02-19 15:45:38 +0530
Processing by HomeController#sort_string as JS
  Parameters: {"utf8"=>"✓", "q"=>"hh"}
  Rendering home/sort_string.js.erb
  Rendered home/_sorted_string.html.erb (0.4ms)
  Rendered home/sort_string.js.erb (4.1ms)
Completed 200 OK in 15ms (Views: 8.9ms)


Started POST "/home/sort_string" for 127.0.0.1 at 2018-02-19 15:45:55 +0530
Processing by HomeController#sort_string as JS
  Parameters: {"utf8"=>"✓", "q"=>"hh"}
  Rendering home/sort_string.js.erb
  Rendered home/_sorted_string.html.erb (4.6ms)
  Rendered home/sort_string.js.erb (8.0ms)
Completed 500 Internal Server Error in 15ms


  
ActionView::Template::Error (undefined method `keys' for ["Judah", 3]:Array):
    1: <h3>Sorted String : <%= @new_string[0].keys.join(' => ') %> </h3>
    2: <table class="table table-striped">
    3: 	<thead>
    4: 	  <tr>
  
app/views/home/_sorted_string.html.erb:1:in `_app_views_home__sorted_string_html_erb__4028747936274542638_69829192097520'
app/views/home/sort_string.js.erb:1:in `_app_views_home_sort_string_js_erb___4291521831027434613_69829157234940'
Started POST "/home/sort_string" for 127.0.0.1 at 2018-02-19 15:45:57 +0530
Processing by HomeController#sort_string as JS
  Parameters: {"utf8"=>"✓", "q"=>"hh"}
  Rendering home/sort_string.js.erb
  Rendered home/_sorted_string.html.erb (4.7ms)
  Rendered home/sort_string.js.erb (8.0ms)
Completed 500 Internal Server Error in 16ms


  
ActionView::Template::Error (undefined method `keys' for ["Judah", 3]:Array):
    1: <h3>Sorted String : <%= @new_string[0].keys.join(' => ') %> </h3>
    2: <table class="table table-striped">
    3: 	<thead>
    4: 	  <tr>
  
app/views/home/_sorted_string.html.erb:1:in `_app_views_home__sorted_string_html_erb__4028747936274542638_69829122251200'
app/views/home/sort_string.js.erb:1:in `_app_views_home_sort_string_js_erb___4291521831027434613_69829123686540'
Started POST "/home/sort_string" for 127.0.0.1 at 2018-02-19 15:46:20 +0530
Processing by HomeController#sort_string as JS
  Parameters: {"utf8"=>"✓", "q"=>"hh"}
  Rendering home/sort_string.js.erb
  Rendered home/_sorted_string.html.erb (0.5ms)
  Rendered home/sort_string.js.erb (4.2ms)
Completed 200 OK in 15ms (Views: 8.9ms)


Started POST "/home/sort_string" for 127.0.0.1 at 2018-02-19 15:46:46 +0530
Processing by HomeController#sort_string as JS
  Parameters: {"utf8"=>"✓", "q"=>"hh"}
Completed 500 Internal Server Error in 1ms


  
TypeError (can't convert Array into Hash):
  
app/controllers/home_controller.rb:7:in `Hash'
app/controllers/home_controller.rb:7:in `sort_string'
Started POST "/home/sort_string" for 127.0.0.1 at 2018-02-19 15:46:47 +0530
Processing by HomeController#sort_string as JS
  Parameters: {"utf8"=>"✓", "q"=>"hh"}
Completed 500 Internal Server Error in 0ms


  
TypeError (can't convert Array into Hash):
  
app/controllers/home_controller.rb:7:in `Hash'
app/controllers/home_controller.rb:7:in `sort_string'
Started POST "/home/sort_string" for 127.0.0.1 at 2018-02-19 15:46:47 +0530
Processing by HomeController#sort_string as JS
  Parameters: {"utf8"=>"✓", "q"=>"hh"}
Completed 500 Internal Server Error in 0ms


  
TypeError (can't convert Array into Hash):
  
app/controllers/home_controller.rb:7:in `Hash'
app/controllers/home_controller.rb:7:in `sort_string'
Started POST "/home/sort_string" for 127.0.0.1 at 2018-02-19 15:47:52 +0530
Processing by HomeController#sort_string as JS
  Parameters: {"utf8"=>"✓", "q"=>"hh"}
  Rendering home/sort_string.js.erb
  Rendered home/_sorted_string.html.erb (0.3ms)
  Rendered home/sort_string.js.erb (3.4ms)
Completed 200 OK in 11ms (Views: 7.1ms)


Started POST "/home/sort_string" for 127.0.0.1 at 2018-02-19 15:48:32 +0530
Processing by HomeController#sort_string as JS
  Parameters: {"utf8"=>"✓", "q"=>"hh"}
  Rendering home/sort_string.js.erb
  Rendered home/_sorted_string.html.erb (4.0ms)
  Rendered home/sort_string.js.erb (7.2ms)
Completed 500 Internal Server Error in 14ms


  
ActionView::Template::Error (undefined method `flatten' for nil:NilClass):
    1: <h3>Sorted String : <%= @new_string.flatten %> </h3>
    2: <table class="table table-striped">
    3: 	<thead>
    4: 	  <tr>
  
app/views/home/_sorted_string.html.erb:1:in `_app_views_home__sorted_string_html_erb__4028747936274542638_69829230497960'
app/views/home/sort_string.js.erb:1:in `_app_views_home_sort_string_js_erb___4291521831027434613_69829227655400'
Started POST "/home/sort_string" for 127.0.0.1 at 2018-02-19 15:48:32 +0530
Processing by HomeController#sort_string as JS
  Parameters: {"utf8"=>"✓", "q"=>"hh"}
  Rendering home/sort_string.js.erb
  Rendered home/_sorted_string.html.erb (4.5ms)
  Rendered home/sort_string.js.erb (7.7ms)
Completed 500 Internal Server Error in 14ms


  
ActionView::Template::Error (undefined method `flatten' for nil:NilClass):
    1: <h3>Sorted String : <%= @new_string.flatten %> </h3>
    2: <table class="table table-striped">
    3: 	<thead>
    4: 	  <tr>
  
app/views/home/_sorted_string.html.erb:1:in `_app_views_home__sorted_string_html_erb__4028747936274542638_69829190602580'
app/views/home/sort_string.js.erb:1:in `_app_views_home_sort_string_js_erb___4291521831027434613_69829190624720'
Started POST "/home/sort_string" for 127.0.0.1 at 2018-02-19 15:48:51 +0530
Processing by HomeController#sort_string as JS
  Parameters: {"utf8"=>"✓", "q"=>"hh"}
  Rendering home/sort_string.js.erb
  Rendered home/_sorted_string.html.erb (0.3ms)
  Rendered home/sort_string.js.erb (3.5ms)
Completed 200 OK in 11ms (Views: 8.1ms)


Started POST "/home/sort_string" for 127.0.0.1 at 2018-02-19 15:50:28 +0530
Processing by HomeController#sort_string as JS
  Parameters: {"utf8"=>"✓", "q"=>"hh"}
  Rendering home/sort_string.js.erb
  Rendered home/_sorted_string.html.erb (0.3ms)
  Rendered home/sort_string.js.erb (3.8ms)
Completed 200 OK in 11ms (Views: 7.8ms)


Started POST "/home/sort_string" for 127.0.0.1 at 2018-02-19 15:50:29 +0530
Processing by HomeController#sort_string as JS
  Parameters: {"utf8"=>"✓", "q"=>"hh"}
  Rendering home/sort_string.js.erb
  Rendered home/_sorted_string.html.erb (0.3ms)
  Rendered home/sort_string.js.erb (3.5ms)
Completed 200 OK in 11ms (Views: 7.3ms)


Started POST "/home/sort_string" for 127.0.0.1 at 2018-02-19 15:50:29 +0530
Processing by HomeController#sort_string as JS
  Parameters: {"utf8"=>"✓", "q"=>"hh"}
  Rendering home/sort_string.js.erb
  Rendered home/_sorted_string.html.erb (0.3ms)
  Rendered home/sort_string.js.erb (3.9ms)
Completed 200 OK in 11ms (Views: 7.4ms)


Started POST "/home/sort_string" for 127.0.0.1 at 2018-02-19 15:50:42 +0530
Processing by HomeController#sort_string as JS
  Parameters: {"utf8"=>"✓", "q"=>"hh"}
  Rendering home/sort_string.js.erb
  Rendered home/_sorted_string.html.erb (0.3ms)
  Rendered home/sort_string.js.erb (3.6ms)
Completed 200 OK in 11ms (Views: 7.8ms)


Started POST "/home/sort_string" for 127.0.0.1 at 2018-02-19 15:51:26 +0530
Processing by HomeController#sort_string as JS
  Parameters: {"utf8"=>"✓", "q"=>"hh"}
  Rendering home/sort_string.js.erb
  Rendered home/_sorted_string.html.erb (0.4ms)
  Rendered home/sort_string.js.erb (3.9ms)
Completed 200 OK in 12ms (Views: 8.2ms)


Started POST "/home/sort_string" for 127.0.0.1 at 2018-02-19 15:52:00 +0530
Processing by HomeController#sort_string as JS
  Parameters: {"utf8"=>"✓", "q"=>"hh"}
  Rendering home/sort_string.js.erb
  Rendered home/_sorted_string.html.erb (0.6ms)
  Rendered home/sort_string.js.erb (6.8ms)
Completed 200 OK in 23ms (Views: 14.9ms)


Started POST "/home/sort_string" for 127.0.0.1 at 2018-02-19 15:52:31 +0530
Processing by HomeController#sort_string as JS
  Parameters: {"utf8"=>"✓", "q"=>"hh"}
  Rendering home/sort_string.js.erb
  Rendered home/_sorted_string.html.erb (0.5ms)
  Rendered home/sort_string.js.erb (7.2ms)
Completed 200 OK in 26ms (Views: 15.8ms)


Started POST "/home/sort_string" for 127.0.0.1 at 2018-02-19 15:53:23 +0530
Processing by HomeController#sort_string as JS
  Parameters: {"utf8"=>"✓", "q"=>"hh"}
  Rendering home/sort_string.js.erb
  Rendered home/_sorted_string.html.erb (0.3ms)
  Rendered home/sort_string.js.erb (3.5ms)
Completed 200 OK in 11ms (Views: 7.2ms)


Started POST "/home/sort_string" for 127.0.0.1 at 2018-02-19 15:53:33 +0530
Processing by HomeController#sort_string as JS
  Parameters: {"utf8"=>"✓", "q"=>"amit pandey amit amit amit pandey neha sapna"}
  Rendering home/sort_string.js.erb
  Rendered home/_sorted_string.html.erb (0.5ms)
  Rendered home/sort_string.js.erb (4.1ms)
Completed 200 OK in 11ms (Views: 7.6ms)


Started POST "/home/sort_string" for 127.0.0.1 at 2018-02-19 15:53:54 +0530
Processing by HomeController#sort_string as JS
  Parameters: {"utf8"=>"✓", "q"=>"amit pandey amit amit amit pandey neha sapna sapna sapna"}
  Rendering home/sort_string.js.erb
  Rendered home/_sorted_string.html.erb (0.4ms)
  Rendered home/sort_string.js.erb (3.7ms)
Completed 200 OK in 10ms (Views: 7.2ms)


Started POST "/home/sort_string" for 127.0.0.1 at 2018-02-19 15:54:14 +0530
Processing by HomeController#sort_string as JS
  Parameters: {"utf8"=>"✓", "q"=>"amit pandey amit amit amit pandey yashvi sapna sapna sapna"}
  Rendering home/sort_string.js.erb
  Rendered home/_sorted_string.html.erb (0.3ms)
  Rendered home/sort_string.js.erb (3.5ms)
Completed 200 OK in 11ms (Views: 6.9ms)


Started POST "/home/sort_string" for 127.0.0.1 at 2018-02-19 16:16:00 +0530
Processing by HomeController#sort_string as JS
  Parameters: {"utf8"=>"✓", "q"=>"amit pandey amit amit amit pandey yashvi sapna sapna sapna"}
  Rendering home/sort_string.js.erb
  Rendered home/_sorted_string.html.erb (0.3ms)
  Rendered home/sort_string.js.erb (3.7ms)
Completed 200 OK in 11ms (Views: 7.4ms)


Started POST "/home/sort_string" for 127.0.0.1 at 2018-02-19 16:16:11 +0530
Processing by HomeController#sort_string as JS
  Parameters: {"utf8"=>"✓", "q"=>"amit pandey amit amit amit pandey yashvi sapna sapna sapna ggggggg"}
  Rendering home/sort_string.js.erb
  Rendered home/_sorted_string.html.erb (0.3ms)
  Rendered home/sort_string.js.erb (3.6ms)
Completed 200 OK in 11ms (Views: 7.6ms)


Started POST "/home/sort_string" for 127.0.0.1 at 2018-02-19 16:20:31 +0530
Processing by HomeController#sort_string as JS
  Parameters: {"utf8"=>"✓", "q"=>"amit pandey amit amit amit pandey yashvi sapna sapna sapna ggggggg ghhhh"}
Completed 200 OK in 1ms (Views: 0.1ms)


Started POST "/home/sort_string" for 127.0.0.1 at 2018-02-19 16:20:32 +0530
Processing by HomeController#sort_string as JS
  Parameters: {"utf8"=>"✓", "q"=>"amit pandey amit amit amit pandey yashvi sapna sapna sapna ggggggg ghhhh"}
Completed 200 OK in 0ms (Views: 0.1ms)


Started POST "/home/sort_string" for 127.0.0.1 at 2018-02-19 16:20:32 +0530
Processing by HomeController#sort_string as JS
  Parameters: {"utf8"=>"✓", "q"=>"amit pandey amit amit amit pandey yashvi sapna sapna sapna ggggggg ghhhh"}
Completed 200 OK in 1ms (Views: 0.1ms)


Started POST "/home/sort_string" for 127.0.0.1 at 2018-02-19 16:22:46 +0530
Processing by HomeController#sort_string as JS
  Parameters: {"utf8"=>"✓", "q"=>"amit pandey amit amit amit pandey yashvi sapna sapna sapna ggggggg ghhhh"}
Completed 200 OK in 0ms (Views: 0.1ms)


Started POST "/home/sort_string" for 127.0.0.1 at 2018-02-19 16:28:12 +0530
Processing by HomeController#sort_string as JS
  Parameters: {"utf8"=>"✓", "q"=>"amit pandey amit amit amit pandey yashvi sapna sapna sapna ggggggg ghhhh"}
Completed 200 OK in 1ms (Views: 0.1ms)


Started POST "/home/sort_string" for 127.0.0.1 at 2018-02-19 16:28:12 +0530
Processing by HomeController#sort_string as JS
  Parameters: {"utf8"=>"✓", "q"=>"amit pandey amit amit amit pandey yashvi sapna sapna sapna ggggggg ghhhh"}
Completed 200 OK in 0ms (Views: 0.1ms)


Started POST "/home/sort_string" for 127.0.0.1 at 2018-02-19 16:28:12 +0530
Processing by HomeController#sort_string as JS
  Parameters: {"utf8"=>"✓", "q"=>"amit pandey amit amit amit pandey yashvi sapna sapna sapna ggggggg ghhhh"}
Completed 200 OK in 0ms (Views: 0.1ms)


Started POST "/home/sort_string" for 127.0.0.1 at 2018-02-19 16:28:37 +0530
Processing by HomeController#sort_string as JS
  Parameters: {"utf8"=>"✓", "q"=>"amit pandey amit amit amit pandey yashvi sapna sapna sapna ggggggg ghhhh"}
Completed 200 OK in 1ms (Views: 0.2ms)


Started POST "/home/sort_string" for 127.0.0.1 at 2018-02-19 16:29:17 +0530
Processing by HomeController#sort_string as JS
  Parameters: {"utf8"=>"✓", "q"=>"amit pandey amit amit amit pandey yashvi sapna sapna sapna ggggggg ghhhh"}
Completed 200 OK in 1ms (Views: 0.2ms)


Started POST "/home/sort_string" for 127.0.0.1 at 2018-02-19 16:29:18 +0530
Processing by HomeController#sort_string as JS
  Parameters: {"utf8"=>"✓", "q"=>"amit pandey amit amit amit pandey yashvi sapna sapna sapna ggggggg ghhhh"}
Completed 200 OK in 1ms (Views: 0.2ms)


Started POST "/home/sort_string" for 127.0.0.1 at 2018-02-19 16:29:18 +0530
Processing by HomeController#sort_string as JS
  Parameters: {"utf8"=>"✓", "q"=>"amit pandey amit amit amit pandey yashvi sapna sapna sapna ggggggg ghhhh"}
Completed 200 OK in 0ms (Views: 0.1ms)


Started POST "/home/sort_string" for 127.0.0.1 at 2018-02-19 16:29:18 +0530
Processing by HomeController#sort_string as JS
  Parameters: {"utf8"=>"✓", "q"=>"amit pandey amit amit amit pandey yashvi sapna sapna sapna ggggggg ghhhh"}
Completed 200 OK in 0ms (Views: 0.1ms)


Started POST "/home/sort_string" for 127.0.0.1 at 2018-02-19 16:29:24 +0530
Processing by HomeController#sort_string as JS
  Parameters: {"utf8"=>"✓", "q"=>"amit pandey amit amit amit pandey yashvi sapna sapna sapna ggggggg ghhhh"}
Completed 200 OK in 1ms (Views: 0.2ms)


Started POST "/home/sort_string" for 127.0.0.1 at 2018-02-19 16:29:37 +0530
Processing by HomeController#sort_string as JS
  Parameters: {"utf8"=>"✓", "q"=>"amit pandey amit amit amit pandey yashvi sapna sapna sapna ggggggg ghhhh"}
Completed 200 OK in 1ms (Views: 0.3ms)


Started POST "/home/sort_string" for 127.0.0.1 at 2018-02-19 16:29:38 +0530
Processing by HomeController#sort_string as JS
  Parameters: {"utf8"=>"✓", "q"=>"amit pandey amit amit amit pandey yashvi sapna sapna sapna ggggggg ghhhh"}
Completed 200 OK in 1ms (Views: 0.1ms)


Started POST "/home/sort_string" for 127.0.0.1 at 2018-02-19 16:29:38 +0530
Processing by HomeController#sort_string as JS
  Parameters: {"utf8"=>"✓", "q"=>"amit pandey amit amit amit pandey yashvi sapna sapna sapna ggggggg ghhhh"}
Completed 200 OK in 1ms (Views: 0.1ms)


Started POST "/home/sort_string" for 127.0.0.1 at 2018-02-19 16:29:38 +0530
Processing by HomeController#sort_string as JS
  Parameters: {"utf8"=>"✓", "q"=>"amit pandey amit amit amit pandey yashvi sapna sapna sapna ggggggg ghhhh"}
Completed 200 OK in 1ms (Views: 0.2ms)


Started POST "/home/sort_string" for 127.0.0.1 at 2018-02-19 16:30:58 +0530
Processing by HomeController#sort_string as JS
  Parameters: {"utf8"=>"✓", "q"=>"amit pandey amit amit amit pandey yashvi sapna sapna sapna ggggggg ghhhh"}
  Rendering home/sort_string.js.erb
  Rendered home/_sorted_string.html.erb (0.3ms)
  Rendered home/sort_string.js.erb (1.3ms)
Completed 200 OK in 4ms (Views: 2.8ms)


Started POST "/home/sort_string" for 127.0.0.1 at 2018-02-19 16:31:03 +0530
Processing by HomeController#sort_string as JS
  Parameters: {"utf8"=>"✓", "q"=>"amit pandey amit amit amit pandey yashvi sapna sapna sapna ggggggg ghhhh hghdfhfdg"}
  Rendering home/sort_string.js.erb
  Rendered home/_sorted_string.html.erb (0.4ms)
  Rendered home/sort_string.js.erb (1.9ms)
Completed 200 OK in 4ms (Views: 3.2ms)


Started POST "/home/sort_string" for 127.0.0.1 at 2018-02-19 16:31:09 +0530
Processing by HomeController#sort_string as JS
  Parameters: {"utf8"=>"✓", "q"=>"amit pandey amit amit amit pandey yashvi sapna sapna sapna ggggggg ghhhh hghdfhfdg yashvi"}
  Rendering home/sort_string.js.erb
  Rendered home/_sorted_string.html.erb (0.3ms)
  Rendered home/sort_string.js.erb (1.1ms)
Completed 200 OK in 3ms (Views: 2.3ms)


Started POST "/home/sort_string" for 127.0.0.1 at 2018-02-19 16:32:58 +0530
Processing by HomeController#sort_string as JS
  Parameters: {"utf8"=>"✓", "q"=>"amit pandey amit amit amit pandey yashvi sapna sapna sapna ggggggg ghhhh hghdfhfdg yashvi ggg"}
  Rendering home/sort_string.js.erb
  Rendered home/_sorted_string.html.erb (0.3ms)
  Rendered home/sort_string.js.erb (3.4ms)
Completed 200 OK in 8ms (Views: 7.7ms)


Started POST "/home/sort_string" for 127.0.0.1 at 2018-02-19 16:33:35 +0530
Processing by HomeController#sort_string as JS
  Parameters: {"utf8"=>"✓", "q"=>"amit pandey amit amit amit pandey yashvi sapna sapna sapna ggggggg ghhhh hghdfhfdg yashvi ggg yashvi"}
  Rendering home/sort_string.js.erb
  Rendered home/_sorted_string.html.erb (0.9ms)
  Rendered home/sort_string.js.erb (4.8ms)
Completed 200 OK in 9ms (Views: 8.9ms)


Started POST "/home/sort_string" for 127.0.0.1 at 2018-02-19 16:33:36 +0530
Processing by HomeController#sort_string as JS
  Parameters: {"utf8"=>"✓", "q"=>"amit pandey amit amit amit pandey yashvi sapna sapna sapna ggggggg ghhhh hghdfhfdg yashvi ggg yashvi"}
  Rendering home/sort_string.js.erb
  Rendered home/_sorted_string.html.erb (0.3ms)
  Rendered home/sort_string.js.erb (3.5ms)
Completed 200 OK in 8ms (Views: 7.6ms)


Started POST "/home/sort_string" for 127.0.0.1 at 2018-02-19 16:33:41 +0530
Processing by HomeController#sort_string as JS
  Parameters: {"utf8"=>"✓", "q"=>"amit pandey amit amit amit pandey yashvi sapna sapna sapna ggggggg ghhhh hghdfhfdg yashvi ggg yashvi yashvi"}
  Rendering home/sort_string.js.erb
  Rendered home/_sorted_string.html.erb (0.3ms)
  Rendered home/sort_string.js.erb (3.6ms)
Completed 200 OK in 8ms (Views: 7.7ms)


Started POST "/home/sort_string" for 127.0.0.1 at 2018-02-19 16:33:45 +0530
Processing by HomeController#sort_string as JS
  Parameters: {"utf8"=>"✓", "q"=>"amit pandey amit amit amit pandey yashvi sapna sapna sapna ggggggg ghhhh hghdfhfdg yashvi ggg yashvi"}
  Rendering home/sort_string.js.erb
  Rendered home/_sorted_string.html.erb (0.7ms)
  Rendered home/sort_string.js.erb (4.5ms)
Completed 200 OK in 9ms (Views: 8.7ms)


Started GET "/" for 127.0.0.1 at 2018-02-19 16:33:52 +0530
Processing by HomeController#index as HTML
  Rendering home/index.html.erb within layouts/application
  Rendered home/index.html.erb within layouts/application (0.7ms)
  Rendered shared/_header.html.erb (0.3ms)
  Rendered shared/_footer.html.erb (0.2ms)
Completed 200 OK in 16ms (Views: 14.2ms)


Started POST "/home/sort_string" for 127.0.0.1 at 2018-02-19 16:33:58 +0530
Processing by HomeController#sort_string as JS
  Parameters: {"utf8"=>"✓", "q"=>"amit pandey amit amit amit pandey yashvi sapna sapna sapna ggggggg ghhhh hghdfhfdg yashvi ggg yashvi"}
  Rendering home/sort_string.js.erb
  Rendered home/_sorted_string.html.erb (0.3ms)
  Rendered home/sort_string.js.erb (3.6ms)
Completed 200 OK in 9ms (Views: 8.1ms)


Started POST "/home/sort_string" for 127.0.0.1 at 2018-02-19 16:34:44 +0530
Processing by HomeController#sort_string as JS
  Parameters: {"utf8"=>"✓", "q"=>"amit pandey amit amit amit pandey yashvi sapna sapna sapna  ghhhh hghdfhfdg yashvi ggg yashvi"}
  Rendering home/sort_string.js.erb
  Rendered home/_sorted_string.html.erb (0.5ms)
  Rendered home/sort_string.js.erb (4.5ms)
Completed 200 OK in 9ms (Views: 8.7ms)


